src/main.js:57 [palette] plugin create
src/main.js:267 [palette] DOMContentLoaded
src/main.js:71 [palette] doInit called
src/main.js:77 [palette] canvas found, w=300 h=300
src/main.js:84 [palette] 2d context OK
src/main.js:90 [palette] fillRect done (bg)
src/main.js:97 [palette] pointer events bound
src/main.js:130 [palette] PS foreground: rgb(128,0,186)
src/main.js:139 [palette] init complete
src/main.js:63 [palette] panel show fired
src/main.js:148 [palette] POINTERDOWN altKey=false pickMode=false
src/main.js:101 [palette] CLICK on canvas, clientX=101.60000000000001 clientY=244.8
src/main.js:148 [palette] POINTERDOWN altKey=false pickMode=false
src/main.js:101 [palette] CLICK on canvas, clientX=126.4 clientY=258.40000000000003
src/main.js:148 [palette] POINTERDOWN altKey=false pickMode=false
src/main.js:101 [palette] CLICK on canvas, clientX=123.2 clientY=218.4
src/main.js:148 [palette] POINTERDOWN altKey=false pickMode=false
src/main.js:101 [palette] CLICK on canvas, clientX=152 clientY=235.20000000000002
src/main.js:148 [palette] POINTERDOWN altKey=false pickMode=false
src/main.js:101 [palette] CLICK on canvas, clientX=79.2 clientY=264.8
src/main.js:120 [palette] pickMode = true
src/main.js:148 [palette] POINTERDOWN altKey=false pickMode=true
src/main.js:182 [palette] PICK rgb(210,139,101)
src/main.js:182 [palette] PICK rgb(210,139,101)
src/main.js:190 [palette] foreground set OK
src/main.js:190 [palette] foreground set OK
src/main.js:182 [palette] PICK rgb(210,139,101)
src/main.js:190 [palette] foreground set OK
src/main.js:182 [palette] PICK rgb(210,139,101)
src/main.js:190 [palette] foreground set OK
src/main.js:182 [palette] PICK rgb(210,138,101)
src/main.js:190 [palette] foreground set OK
src/main.js:182 [palette] PICK rgb(210,138,101)
src/main.js:101 [palette] CLICK on canvas, clientX=108 clientY=219.20000000000002
src/main.js:190 [palette] foreground set OK
src/main.js:148 [palette] POINTERDOWN altKey=false pickMode=true
src/main.js:182 [palette] PICK rgb(128,0,186)
src/main.js:190 [palette] foreground set OK
src/main.js:101 [palette] CLICK on canvas, clientX=92 clientY=232
src/main.js:148 [palette] POINTERDOWN altKey=false pickMode=true
src/main.js:182 [palette] PICK rgb(255,213,56)
src/main.js:190 [palette] foreground set OK
src/main.js:101 [palette] CLICK on canvas, clientX=129.6 clientY=248.8
src/main.js:148 [palette] POINTERDOWN altKey=true pickMode=true
src/main.js:182 [palette] PICK rgb(210,138,101)
src/main.js:182 [palette] PICK rgb(210,138,101)
src/main.js:190 [palette] foreground set OK
src/main.js:190 [palette] foreground set OK
src/main.js:101 [palette] CLICK on canvas, clientX=110.4 clientY=221.60000000000002
src/main.js:148 [palette] POINTERDOWN altKey=true pickMode=true
src/main.js:182 [palette] PICK rgb(128,1,186)
src/main.js:182 [palette] PICK rgb(128,1,186)
src/main.js:190 [palette] foreground set OK
src/main.js:190 [palette] foreground set OK
src/main.js:101 [palette] CLICK on canvas, clientX=95.2 clientY=217.60000000000002
src/main.js:148 [palette] POINTERDOWN altKey=true pickMode=true
src/main.js:182 [palette] PICK rgb(255,213,57)
src/main.js:190 [palette] foreground set OK
src/main.js:101 [palette] CLICK on canvas, clientX=129.6 clientY=232.8
src/main.js:148 [palette] POINTERDOWN altKey=true pickMode=true
src/main.js:182 [palette] PICK rgb(247,200,63)
src/main.js:182 [palette] PICK rgb(247,200,63)
src/main.js:190 [palette] foreground set OK
src/main.js:190 [palette] foreground set OK
src/main.js:101 [palette] CLICK on canvas, clientX=104.80000000000001 clientY=248
src/main.js:148 [palette] POINTERDOWN altKey=true pickMode=true
src/main.js:182 [palette] PICK rgb(213,144,102)
src/main.js:190 [palette] foreground set OK
src/main.js:101 [palette] CLICK on canvas, clientX=107.2 clientY=212.8
src/main.js:120 [palette] pickMode = false
src/main.js:148 [palette] POINTERDOWN altKey=true pickMode=false
src/main.js:182 [palette] PICK rgb(128,0,186)
src/main.js:182 [palette] PICK rgb(128,0,186)
src/main.js:190 [palette] foreground set OK
src/main.js:190 [palette] foreground set OK
src/main.js:101 [palette] CLICK on canvas, clientX=96.80000000000001 clientY=226.4
src/main.js:148 [palette] POINTERDOWN altKey=true pickMode=false
src/main.js:182 [palette] PICK rgb(247,220,117)
src/main.js:182 [palette] PICK rgb(247,220,117)
src/main.js:190 [palette] foreground set OK
src/main.js:190 [palette] foreground set OK
src/main.js:101 [palette] CLICK on canvas, clientX=121.60000000000001 clientY=217.60000000000002
src/main.js:148 [palette] POINTERDOWN altKey=true pickMode=false
src/main.js:182 [palette] PICK rgb(128,1,186)
src/main.js:190 [palette] foreground set OK
src/main.js:101 [palette] CLICK on canvas, clientX=99.2 clientY=244
src/main.js:148 [palette] POINTERDOWN altKey=true pickMode=false
src/main.js:182 [palette] PICK rgb(255,212,56)
src/main.js:182 [palette] PICK rgb(255,212,56)
src/main.js:190 [palette] foreground set OK
src/main.js:190 [palette] foreground set OK
src/main.js:101 [palette] CLICK on canvas, clientX=118.4 clientY=241.60000000000002
