src/main.js:103 [palette] plugin create
src/main.js:345 [palette] DOMContentLoaded
src/main.js:117 [palette] doInit called
src/main.js:123 [palette] canvas found, w=300 h=300
src/main.js:130 [palette] 2d context OK
src/main.js:136 [palette] fillRect done (bg)
src/main.js:143 [palette] pointer events bound
src/main.js:181 [palette] PS foreground: rgb(57,94,231)
src/main.js:39 [palette] buffers initialized (RGB + Latent)
src/main.js:190 [palette] init complete, mixbox loaded: true
src/main.js:109 [palette] panel show fired
src/main.js:199 [palette] POINTERDOWN altKey=false pickMode=false
src/main.js:199 [palette] POINTERDOWN altKey=false pickMode=false
src/main.js:199 [palette] POINTERDOWN altKey=false pickMode=false
src/main.js:199 [palette] POINTERDOWN altKey=true pickMode=false
src/main.js:233 [palette] PICK rgb(77,84,169)
src/main.js:233 [palette] PICK rgb(77,84,169)
src/main.js:241 [palette] foreground set OK
src/main.js:241 [palette] foreground set OK
src/main.js:199 [palette] POINTERDOWN altKey=false pickMode=false
src/main.js:199 [palette] POINTERDOWN altKey=false pickMode=false
src/main.js:150 [palette] colorMode = mixbox
src/main.js:199 [palette] POINTERDOWN altKey=false pickMode=false
src/main.js:199 [palette] POINTERDOWN altKey=false pickMode=false
src/main.js:199 [palette] POINTERDOWN altKey=false pickMode=false
src/main.js:199 [palette] POINTERDOWN altKey=false pickMode=false
src/main.js:199 [palette] POINTERDOWN altKey=false pickMode=false
src/main.js:199 [palette] POINTERDOWN altKey=false pickMode=false
src/main.js:199 [palette] POINTERDOWN altKey=false pickMode=false
src/main.js:199 [palette] POINTERDOWN altKey=true pickMode=false
src/main.js:233 [palette] PICK rgb(73,139,136)
src/main.js:233 [palette] PICK rgb(73,139,136)
src/main.js:241 [palette] foreground set OK
src/main.js:241 [palette] foreground set OK
src/main.js:199 [palette] POINTERDOWN altKey=false pickMode=false
src/main.js:199 [palette] POINTERDOWN altKey=true pickMode=false
src/main.js:233 [palette] PICK rgb(73,139,136)
src/main.js:233 [palette] PICK rgb(73,139,136)
src/main.js:241 [palette] foreground set OK
src/main.js:241 [palette] foreground set OK
src/main.js:199 [palette] POINTERDOWN altKey=true pickMode=false
src/main.js:233 [palette] PICK rgb(73,139,136)
src/main.js:241 [palette] foreground set OK
src/main.js:199 [palette] POINTERDOWN altKey=true pickMode=false
src/main.js:233 [palette] PICK rgb(76,105,255)
src/main.js:241 [palette] foreground set OK
src/main.js:233 [palette] PICK rgb(76,105,255)
src/main.js:241 [palette] foreground set OK
src/main.js:233 [palette] PICK rgb(76,105,255)
src/main.js:241 [palette] foreground set OK
src/main.js:233 [palette] PICK rgb(76,105,255)
src/main.js:241 [palette] foreground set OK
src/main.js:233 [palette] PICK rgb(76,105,255)
src/main.js:241 [palette] foreground set OK
src/main.js:233 [palette] PICK rgb(76,105,255)
src/main.js:241 [palette] foreground set OK
src/main.js:233 [palette] PICK rgb(76,105,255)
src/main.js:241 [palette] foreground set OK
src/main.js:233 [palette] PICK rgb(78,131,182)
src/main.js:241 [palette] foreground set OK
src/main.js:233 [palette] PICK rgb(77,134,167)
src/main.js:241 [palette] foreground set OK
src/main.js:233 [palette] PICK rgb(75,137,147)
src/main.js:241 [palette] foreground set OK
src/main.js:233 [palette] PICK rgb(74,138,141)
src/main.js:241 [palette] foreground set OK
src/main.js:233 [palette] PICK rgb(74,138,141)
src/main.js:241 [palette] foreground set OK
src/main.js:233 [palette] PICK rgb(73,139,136)
src/main.js:241 [palette] foreground set OK
src/main.js:233 [palette] PICK rgb(73,139,136)
src/main.js:241 [palette] foreground set OK
src/main.js:233 [palette] PICK rgb(73,139,136)
src/main.js:241 [palette] foreground set OK
src/main.js:233 [palette] PICK rgb(73,139,136)
src/main.js:241 [palette] foreground set OK
src/main.js:233 [palette] PICK rgb(73,139,136)
src/main.js:241 [palette] foreground set OK
src/main.js:233 [palette] PICK rgb(73,139,136)
src/main.js:241 [palette] foreground set OK
src/main.js:233 [palette] PICK rgb(73,139,136)
src/main.js:241 [palette] foreground set OK
src/main.js:233 [palette] PICK rgb(73,139,136)
src/main.js:241 [palette] foreground set OK
src/main.js:233 [palette] PICK rgb(73,139,136)
src/main.js:241 [palette] foreground set OK
src/main.js:233 [palette] PICK rgb(73,139,136)
src/main.js:241 [palette] foreground set OK
src/main.js:233 [palette] PICK rgb(73,139,136)
src/main.js:241 [palette] foreground set OK
src/main.js:233 [palette] PICK rgb(74,138,141)
src/main.js:241 [palette] foreground set OK
src/main.js:233 [palette] PICK rgb(74,138,141)
src/main.js:241 [palette] foreground set OK
src/main.js:233 [palette] PICK rgb(75,137,147)
src/main.js:241 [palette] foreground set OK
src/main.js:233 [palette] PICK rgb(75,137,147)
src/main.js:241 [palette] foreground set OK
src/main.js:233 [palette] PICK rgb(77,134,167)
src/main.js:241 [palette] foreground set OK
src/main.js:233 [palette] PICK rgb(77,134,167)
src/main.js:241 [palette] foreground set OK
src/main.js:233 [palette] PICK rgb(78,131,182)
src/main.js:241 [palette] foreground set OK
src/main.js:233 [palette] PICK rgb(78,131,182)
src/main.js:241 [palette] foreground set OK
src/main.js:233 [palette] PICK rgb(78,117,226)
src/main.js:241 [palette] foreground set OK
src/main.js:233 [palette] PICK rgb(76,105,255)
src/main.js:241 [palette] foreground set OK
src/main.js:233 [palette] PICK rgb(76,105,255)
src/main.js:241 [palette] foreground set OK
src/main.js:233 [palette] PICK rgb(76,105,255)
src/main.js:241 [palette] foreground set OK
src/main.js:233 [palette] PICK rgb(76,105,255)
src/main.js:241 [palette] foreground set OK
src/main.js:233 [palette] PICK rgb(79,125,201)
src/main.js:241 [palette] foreground set OK
src/main.js:233 [palette] PICK rgb(79,125,201)
src/main.js:241 [palette] foreground set OK
src/main.js:233 [palette] PICK rgb(77,134,167)
src/main.js:241 [palette] foreground set OK
src/main.js:233 [palette] PICK rgb(77,134,167)
src/main.js:241 [palette] foreground set OK
src/main.js:233 [palette] PICK rgb(75,137,147)
src/main.js:241 [palette] foreground set OK
src/main.js:233 [palette] PICK rgb(74,138,141)
src/main.js:241 [palette] foreground set OK
src/main.js:233 [palette] PICK rgb(73,139,136)
src/main.js:241 [palette] foreground set OK
src/main.js:233 [palette] PICK rgb(73,139,136)
src/main.js:233 [palette] PICK rgb(73,139,136)
src/main.js:241 [palette] foreground set OK
src/main.js:241 [palette] foreground set OK
src/main.js:233 [palette] PICK rgb(73,139,136)
src/main.js:241 [palette] foreground set OK
src/main.js:233 [palette] PICK rgb(73,139,136)
src/main.js:241 [palette] foreground set OK
src/main.js:233 [palette] PICK rgb(73,139,136)
src/main.js:241 [palette] foreground set OK
src/main.js:233 [palette] PICK rgb(73,139,136)
src/main.js:241 [palette] foreground set OK
src/main.js:233 [palette] PICK rgb(73,139,136)
src/main.js:241 [palette] foreground set OK
src/main.js:233 [palette] PICK rgb(57,116,152)
src/main.js:241 [palette] foreground set OK
src/main.js:233 [palette] PICK rgb(57,116,152)
src/main.js:241 [palette] foreground set OK
src/main.js:233 [palette] PICK rgb(45,97,167)
src/main.js:241 [palette] foreground set OK
src/main.js:233 [palette] PICK rgb(57,116,152)
src/main.js:241 [palette] foreground set OK
src/main.js:233 [palette] PICK rgb(73,139,136)
src/main.js:241 [palette] foreground set OK
src/main.js:233 [palette] PICK rgb(73,139,136)
src/main.js:241 [palette] foreground set OK
src/main.js:233 [palette] PICK rgb(73,139,136)
src/main.js:241 [palette] foreground set OK
src/main.js:233 [palette] PICK rgb(73,139,136)
src/main.js:241 [palette] foreground set OK
src/main.js:233 [palette] PICK rgb(73,139,136)
src/main.js:241 [palette] foreground set OK
src/main.js:233 [palette] PICK rgb(73,139,136)
src/main.js:241 [palette] foreground set OK
src/main.js:233 [palette] PICK rgb(73,139,136)
src/main.js:241 [palette] foreground set OK
src/main.js:233 [palette] PICK rgb(73,139,136)
src/main.js:241 [palette] foreground set OK
src/main.js:233 [palette] PICK rgb(73,139,136)
src/main.js:241 [palette] foreground set OK
src/main.js:233 [palette] PICK rgb(73,139,136)
src/main.js:241 [palette] foreground set OK
src/main.js:233 [palette] PICK rgb(73,139,136)
src/main.js:241 [palette] foreground set OK
src/main.js:233 [palette] PICK rgb(73,139,136)
src/main.js:241 [palette] foreground set OK
src/main.js:199 [palette] POINTERDOWN altKey=false pickMode=false
src/main.js:199 [palette] POINTERDOWN altKey=false pickMode=false
src/main.js:199 [palette] POINTERDOWN altKey=false pickMode=false
src/main.js:199 [palette] POINTERDOWN altKey=false pickMode=false
src/main.js:199 [palette] POINTERDOWN altKey=true pickMode=false
src/main.js:233 [palette] PICK rgb(78,131,182)
src/main.js:241 [palette] foreground set OK
src/main.js:199 [palette] POINTERDOWN altKey=false pickMode=false
src/main.js:199 [palette] POINTERDOWN altKey=false pickMode=false
src/main.js:199 [palette] POINTERDOWN altKey=false pickMode=false
src/main.js:199 [palette] POINTERDOWN altKey=false pickMode=false
src/main.js:199 [palette] POINTERDOWN altKey=false pickMode=false
src/main.js:150 [palette] colorMode = rgb
src/main.js:199 [palette] POINTERDOWN altKey=true pickMode=false
src/main.js:233 [palette] PICK rgb(73,139,136)
src/main.js:241 [palette] foreground set OK
src/main.js:199 [palette] POINTERDOWN altKey=false pickMode=false
src/main.js:199 [palette] POINTERDOWN altKey=false pickMode=false
src/main.js:199 [palette] POINTERDOWN altKey=false pickMode=false
src/main.js:199 [palette] POINTERDOWN altKey=true pickMode=false
src/main.js:233 [palette] PICK rgb(89,150,157)
src/main.js:233 [palette] PICK rgb(89,150,157)
src/main.js:241 [palette] foreground set OK
src/main.js:241 [palette] foreground set OK
src/main.js:199 [palette] POINTERDOWN altKey=false pickMode=false
src/main.js:199 [palette] POINTERDOWN altKey=false pickMode=false
src/main.js:199 [palette] POINTERDOWN altKey=true pickMode=false
src/main.js:233 [palette] PICK rgb(85,137,187)
src/main.js:233 [palette] PICK rgb(85,137,187)
src/main.js:233 [palette] PICK rgb(85,137,187)
src/main.js:241 [palette] foreground set OK
src/main.js:241 [palette] foreground set OK
src/main.js:241 [palette] foreground set OK
src/main.js:233 [palette] PICK rgb(87,139,188)
src/main.js:241 [palette] foreground set OK
src/main.js:199 [palette] POINTERDOWN altKey=false pickMode=false
src/main.js:199 [palette] POINTERDOWN altKey=false pickMode=false
src/main.js:199 [palette] POINTERDOWN altKey=true pickMode=false
src/main.js:233 [palette] PICK rgb(17,32,255)
src/main.js:233 [palette] PICK rgb(17,32,255)
src/main.js:241 [palette] foreground set OK
src/main.js:241 [palette] foreground set OK
src/main.js:199 [palette] POINTERDOWN altKey=false pickMode=false
src/main.js:199 [palette] POINTERDOWN altKey=false pickMode=false
src/main.js:150 [palette] colorMode = mixbox
src/main.js:199 [palette] POINTERDOWN altKey=true pickMode=false
src/main.js:233 [palette] PICK rgb(73,139,136)
src/main.js:233 [palette] PICK rgb(73,139,136)
src/main.js:241 [palette] foreground set OK
src/main.js:241 [palette] foreground set OK
src/main.js:199 [palette] POINTERDOWN altKey=false pickMode=false
src/main.js:199 [palette] POINTERDOWN altKey=false pickMode=false
src/main.js:199 [palette] POINTERDOWN altKey=false pickMode=false
src/main.js:199 [palette] POINTERDOWN altKey=false pickMode=false
src/main.js:199 [palette] POINTERDOWN altKey=true pickMode=false
src/main.js:233 [palette] PICK rgb(246,252,39)
src/main.js:241 [palette] foreground set OK
src/main.js:233 [palette] PICK rgb(246,252,39)
src/main.js:241 [palette] foreground set OK
src/main.js:199 [palette] POINTERDOWN altKey=false pickMode=false
src/main.js:199 [palette] POINTERDOWN altKey=false pickMode=false
src/main.js:199 [palette] POINTERDOWN altKey=true pickMode=false
src/main.js:233 [palette] PICK rgb(78,132,180)
src/main.js:241 [palette] foreground set OK
src/main.js:233 [palette] PICK rgb(78,132,180)
src/main.js:241 [palette] foreground set OK
src/main.js:199 [palette] POINTERDOWN altKey=false pickMode=false
src/main.js:199 [palette] POINTERDOWN altKey=false pickMode=false
src/main.js:199 [palette] POINTERDOWN altKey=false pickMode=false
src/main.js:199 [palette] POINTERDOWN altKey=false pickMode=false
src/main.js:199 [palette] POINTERDOWN altKey=false pickMode=false
src/main.js:199 [palette] POINTERDOWN altKey=false pickMode=false
src/main.js:199 [palette] POINTERDOWN altKey=false pickMode=false
src/main.js:199 [palette] POINTERDOWN altKey=false pickMode=false
src/main.js:199 [palette] POINTERDOWN altKey=true pickMode=false
src/main.js:233 [palette] PICK rgb(124,128,189)
src/main.js:233 [palette] PICK rgb(124,128,189)
src/main.js:241 [palette] foreground set OK
src/main.js:241 [palette] foreground set OK
src/main.js:233 [palette] PICK rgb(124,128,189)
src/main.js:241 [palette] foreground set OK
src/main.js:199 [palette] POINTERDOWN altKey=false pickMode=false
src/main.js:199 [palette] POINTERDOWN altKey=false pickMode=false
src/main.js:199 [palette] POINTERDOWN altKey=false pickMode=false
src/main.js:199 [palette] POINTERDOWN altKey=false pickMode=false
src/main.js:199 [palette] POINTERDOWN altKey=false pickMode=false
src/main.js:199 [palette] POINTERDOWN altKey=true pickMode=false
src/main.js:233 [palette] PICK rgb(124,128,189)
src/main.js:233 [palette] PICK rgb(124,128,189)
src/main.js:241 [palette] foreground set OK
src/main.js:241 [palette] foreground set OK
src/main.js:199 [palette] POINTERDOWN altKey=false pickMode=false
src/main.js:199 [palette] POINTERDOWN altKey=false pickMode=false
src/main.js:199 [palette] POINTERDOWN altKey=false pickMode=false
src/main.js:199 [palette] POINTERDOWN altKey=true pickMode=false
src/main.js:233 [palette] PICK rgb(80,135,174)
src/main.js:233 [palette] PICK rgb(80,135,174)
src/main.js:241 [palette] foreground set OK
src/main.js:241 [palette] foreground set OK
src/main.js:233 [palette] PICK rgb(80,135,174)
src/main.js:241 [palette] foreground set OK
src/main.js:199 [palette] POINTERDOWN altKey=false pickMode=false
src/main.js:199 [palette] POINTERDOWN altKey=false pickMode=false
src/main.js:199 [palette] POINTERDOWN altKey=true pickMode=false
src/main.js:233 [palette] PICK rgb(80,136,173)
src/main.js:233 [palette] PICK rgb(80,136,173)
src/main.js:241 [palette] foreground set OK
src/main.js:241 [palette] foreground set OK
src/main.js:199 [palette] POINTERDOWN altKey=false pickMode=false
src/main.js:199 [palette] POINTERDOWN altKey=false pickMode=false
src/main.js:199 [palette] POINTERDOWN altKey=false pickMode=false
src/main.js:199 [palette] POINTERDOWN altKey=false pickMode=false
