src/main.js:17 [palette] plugin create
src/main.js:196 [palette] DOMContentLoaded
src/main.js:31 [palette] doInit called
src/main.js:37 [palette] canvas found, w=300 h=300
src/main.js:44 [palette] 2d context OK
src/main.js:50 [palette] fillRect done (bg)
src/main.js:57 [palette] test red circle drawn at center
src/main.js:64 [palette] pointer events bound
src/main.js:93 [palette] PS foreground: rgb(164,31,31)
src/main.js:101 [palette] init complete
src/main.js:23 [palette] panel show fired
src/main.js:105 [palette] POINTERDOWN clientX=152 clientY=312
src/main.js:120 [palette] canvas pos: x=146 y=155
src/main.js:68 [palette] CLICK on canvas, clientX=115.2 clientY=302.40000000000003
src/main.js:105 [palette] POINTERDOWN clientX=88 clientY=207.2
src/main.js:120 [palette] canvas pos: x=82 y=50.19999999999999
src/main.js:68 [palette] CLICK on canvas, clientX=88.80000000000001 clientY=248.8
src/main.js:105 [palette] POINTERDOWN clientX=123.2 clientY=228
src/main.js:120 [palette] canvas pos: x=117.2 y=71
src/main.js:68 [palette] CLICK on canvas, clientX=113.60000000000001 clientY=253.60000000000002
src/main.js:105 [palette] POINTERDOWN clientX=88 clientY=352
src/main.js:120 [palette] canvas pos: x=82 y=195
src/main.js:68 [palette] CLICK on canvas, clientX=92.80000000000001 clientY=360
src/main.js:105 [palette] POINTERDOWN clientX=127.2 clientY=326.4
src/main.js:120 [palette] canvas pos: x=121.2 y=169.39999999999998
src/main.js:68 [palette] CLICK on canvas, clientX=141.6 clientY=340
