src/main.js:56 [palette] plugin create
src/main.js:264 [palette] DOMContentLoaded
src/main.js:70 [palette] doInit called
src/main.js:76 [palette] canvas found, w=300 h=300
src/main.js:83 [palette] 2d context OK
src/main.js:89 [palette] fillRect done (bg)
src/main.js:96 [palette] pointer events bound
src/main.js:129 [palette] PS foreground: rgb(204,145,62)
src/main.js:138 [palette] init complete
src/main.js:62 [palette] panel show fired
src/main.js:147 [palette] POINTERDOWN altKey=false pickMode=false
src/main.js:100 [palette] CLICK on canvas, clientX=112 clientY=257.6
src/main.js:147 [palette] POINTERDOWN altKey=false pickMode=false
src/main.js:100 [palette] CLICK on canvas, clientX=143.20000000000002 clientY=236.8
src/main.js:147 [palette] POINTERDOWN altKey=true pickMode=false
src/main.js:181 [palette] PICK rgb(206,151,73)
src/main.js:189 [palette] setForeground failed: Error: Event: set may modify the state of Photoshop. Such events are only allowed from inside a modal scope. See https://www.adobe.com/go/ps_executeasmodal for details.
    at Object.batchPlaySync (uxp://uxp-internal/ps-app.js:1)
    at batchPlaySync (uxp://uxp-internal/ps-app.js:1)
    at Photoshop.set foregroundColor [as foregroundColor] (uxp://uxp-internal/ps-app.js:1)
    at doPickColor (VM116 main.js:187)
    at e.exports.onPointerDown (VM116 main.js:154)
    at uxp://uxp-internal/domjs_scripts.js:2
    at Object.runWithNativeHandler (<anonymous>)
    at D (uxp://uxp-internal/domjs_scripts.js:2)
    at uxp://uxp-internal/domjs_scripts.js:2
    at L (uxp://uxp-internal/domjs_scripts.js:2)
doPickColor @ src/main.js:189
onPointerDown @ src/main.js:154
(anonymous) @ uxp://uxp-internal/domjs_scripts.js:2
D @ uxp://uxp-internal/domjs_scripts.js:2
(anonymous) @ uxp://uxp-internal/domjs_scripts.js:2
L @ uxp://uxp-internal/domjs_scripts.js:2
P @ uxp://uxp-internal/domjs_scripts.js:2
e @ uxp://uxp-internal/domjs_scripts.js:2
_retargetAndDispatchNativeEvent @ uxp://uxp-internal/domjs_scripts.js:2
onEvent @ uxp://uxp-internal/domjs_scripts.js:2
src/main.js:181 [palette] PICK rgb(206,151,73)
src/main.js:189 [palette] setForeground failed: Error: Event: set may modify the state of Photoshop. Such events are only allowed from inside a modal scope. See https://www.adobe.com/go/ps_executeasmodal for details.
    at Object.batchPlaySync (uxp://uxp-internal/ps-app.js:1)
    at batchPlaySync (uxp://uxp-internal/ps-app.js:1)
    at Photoshop.set foregroundColor [as foregroundColor] (uxp://uxp-internal/ps-app.js:1)
    at doPickColor (VM116 main.js:187)
    at e.exports.onPointerMove (VM116 main.js:173)
    at uxp://uxp-internal/domjs_scripts.js:2
    at Object.runWithNativeHandler (<anonymous>)
    at D (uxp://uxp-internal/domjs_scripts.js:2)
    at uxp://uxp-internal/domjs_scripts.js:2
    at L (uxp://uxp-internal/domjs_scripts.js:2)
doPickColor @ src/main.js:189
onPointerMove @ src/main.js:173
(anonymous) @ uxp://uxp-internal/domjs_scripts.js:2
D @ uxp://uxp-internal/domjs_scripts.js:2
(anonymous) @ uxp://uxp-internal/domjs_scripts.js:2
L @ uxp://uxp-internal/domjs_scripts.js:2
P @ uxp://uxp-internal/domjs_scripts.js:2
e @ uxp://uxp-internal/domjs_scripts.js:2
_retargetAndDispatchNativeEvent @ uxp://uxp-internal/domjs_scripts.js:2
onEvent @ uxp://uxp-internal/domjs_scripts.js:2
src/main.js:181 [palette] PICK rgb(208,159,89)
src/main.js:189 [palette] setForeground failed: Error: Event: set may modify the state of Photoshop. Such events are only allowed from inside a modal scope. See https://www.adobe.com/go/ps_executeasmodal for details.
    at Object.batchPlaySync (uxp://uxp-internal/ps-app.js:1)
    at batchPlaySync (uxp://uxp-internal/ps-app.js:1)
    at Photoshop.set foregroundColor [as foregroundColor] (uxp://uxp-internal/ps-app.js:1)
    at doPickColor (VM116 main.js:187)
    at e.exports.onPointerMove (VM116 main.js:173)
    at uxp://uxp-internal/domjs_scripts.js:2
    at Object.runWithNativeHandler (<anonymous>)
    at D (uxp://uxp-internal/domjs_scripts.js:2)
    at uxp://uxp-internal/domjs_scripts.js:2
    at L (uxp://uxp-internal/domjs_scripts.js:2)
doPickColor @ src/main.js:189
onPointerMove @ src/main.js:173
(anonymous) @ uxp://uxp-internal/domjs_scripts.js:2
D @ uxp://uxp-internal/domjs_scripts.js:2
(anonymous) @ uxp://uxp-internal/domjs_scripts.js:2
L @ uxp://uxp-internal/domjs_scripts.js:2
P @ uxp://uxp-internal/domjs_scripts.js:2
e @ uxp://uxp-internal/domjs_scripts.js:2
_retargetAndDispatchNativeEvent @ uxp://uxp-internal/domjs_scripts.js:2
onEvent @ uxp://uxp-internal/domjs_scripts.js:2
src/main.js:181 [palette] PICK rgb(208,159,89)
src/main.js:189 [palette] setForeground failed: Error: Event: set may modify the state of Photoshop. Such events are only allowed from inside a modal scope. See https://www.adobe.com/go/ps_executeasmodal for details.
    at Object.batchPlaySync (uxp://uxp-internal/ps-app.js:1)
    at batchPlaySync (uxp://uxp-internal/ps-app.js:1)
    at Photoshop.set foregroundColor [as foregroundColor] (uxp://uxp-internal/ps-app.js:1)
    at doPickColor (VM116 main.js:187)
    at e.exports.onPointerMove (VM116 main.js:173)
    at uxp://uxp-internal/domjs_scripts.js:2
    at Object.runWithNativeHandler (<anonymous>)
    at D (uxp://uxp-internal/domjs_scripts.js:2)
    at uxp://uxp-internal/domjs_scripts.js:2
    at L (uxp://uxp-internal/domjs_scripts.js:2)
doPickColor @ src/main.js:189
onPointerMove @ src/main.js:173
(anonymous) @ uxp://uxp-internal/domjs_scripts.js:2
D @ uxp://uxp-internal/domjs_scripts.js:2
(anonymous) @ uxp://uxp-internal/domjs_scripts.js:2
L @ uxp://uxp-internal/domjs_scripts.js:2
P @ uxp://uxp-internal/domjs_scripts.js:2
e @ uxp://uxp-internal/domjs_scripts.js:2
_retargetAndDispatchNativeEvent @ uxp://uxp-internal/domjs_scripts.js:2
onEvent @ uxp://uxp-internal/domjs_scripts.js:2
src/main.js:181 [palette] PICK rgb(208,159,89)
src/main.js:189 [palette] setForeground failed: Error: Event: set may modify the state of Photoshop. Such events are only allowed from inside a modal scope. See https://www.adobe.com/go/ps_executeasmodal for details.
    at Object.batchPlaySync (uxp://uxp-internal/ps-app.js:1)
    at batchPlaySync (uxp://uxp-internal/ps-app.js:1)
    at Photoshop.set foregroundColor [as foregroundColor] (uxp://uxp-internal/ps-app.js:1)
    at doPickColor (VM116 main.js:187)
    at e.exports.onPointerMove (VM116 main.js:173)
    at uxp://uxp-internal/domjs_scripts.js:2
    at Object.runWithNativeHandler (<anonymous>)
    at D (uxp://uxp-internal/domjs_scripts.js:2)
    at uxp://uxp-internal/domjs_scripts.js:2
    at L (uxp://uxp-internal/domjs_scripts.js:2)
doPickColor @ src/main.js:189
onPointerMove @ src/main.js:173
(anonymous) @ uxp://uxp-internal/domjs_scripts.js:2
D @ uxp://uxp-internal/domjs_scripts.js:2
(anonymous) @ uxp://uxp-internal/domjs_scripts.js:2
L @ uxp://uxp-internal/domjs_scripts.js:2
P @ uxp://uxp-internal/domjs_scripts.js:2
e @ uxp://uxp-internal/domjs_scripts.js:2
_retargetAndDispatchNativeEvent @ uxp://uxp-internal/domjs_scripts.js:2
onEvent @ uxp://uxp-internal/domjs_scripts.js:2
src/main.js:181 [palette] PICK rgb(208,159,89)
src/main.js:189 [palette] setForeground failed: Error: Event: set may modify the state of Photoshop. Such events are only allowed from inside a modal scope. See https://www.adobe.com/go/ps_executeasmodal for details.
    at Object.batchPlaySync (uxp://uxp-internal/ps-app.js:1)
    at batchPlaySync (uxp://uxp-internal/ps-app.js:1)
    at Photoshop.set foregroundColor [as foregroundColor] (uxp://uxp-internal/ps-app.js:1)
    at doPickColor (VM116 main.js:187)
    at e.exports.onPointerMove (VM116 main.js:173)
    at uxp://uxp-internal/domjs_scripts.js:2
    at Object.runWithNativeHandler (<anonymous>)
    at D (uxp://uxp-internal/domjs_scripts.js:2)
    at uxp://uxp-internal/domjs_scripts.js:2
    at L (uxp://uxp-internal/domjs_scripts.js:2)
doPickColor @ src/main.js:189
onPointerMove @ src/main.js:173
(anonymous) @ uxp://uxp-internal/domjs_scripts.js:2
D @ uxp://uxp-internal/domjs_scripts.js:2
(anonymous) @ uxp://uxp-internal/domjs_scripts.js:2
L @ uxp://uxp-internal/domjs_scripts.js:2
P @ uxp://uxp-internal/domjs_scripts.js:2
e @ uxp://uxp-internal/domjs_scripts.js:2
_retargetAndDispatchNativeEvent @ uxp://uxp-internal/domjs_scripts.js:2
onEvent @ uxp://uxp-internal/domjs_scripts.js:2
src/main.js:181 [palette] PICK rgb(215,180,130)
src/main.js:189 [palette] setForeground failed: Error: Event: set may modify the state of Photoshop. Such events are only allowed from inside a modal scope. See https://www.adobe.com/go/ps_executeasmodal for details.
    at Object.batchPlaySync (uxp://uxp-internal/ps-app.js:1)
    at batchPlaySync (uxp://uxp-internal/ps-app.js:1)
    at Photoshop.set foregroundColor [as foregroundColor] (uxp://uxp-internal/ps-app.js:1)
    at doPickColor (VM116 main.js:187)
    at e.exports.onPointerMove (VM116 main.js:173)
    at uxp://uxp-internal/domjs_scripts.js:2
    at Object.runWithNativeHandler (<anonymous>)
    at D (uxp://uxp-internal/domjs_scripts.js:2)
    at uxp://uxp-internal/domjs_scripts.js:2
    at L (uxp://uxp-internal/domjs_scripts.js:2)
doPickColor @ src/main.js:189
onPointerMove @ src/main.js:173
(anonymous) @ uxp://uxp-internal/domjs_scripts.js:2
D @ uxp://uxp-internal/domjs_scripts.js:2
(anonymous) @ uxp://uxp-internal/domjs_scripts.js:2
L @ uxp://uxp-internal/domjs_scripts.js:2
P @ uxp://uxp-internal/domjs_scripts.js:2
e @ uxp://uxp-internal/domjs_scripts.js:2
_retargetAndDispatchNativeEvent @ uxp://uxp-internal/domjs_scripts.js:2
onEvent @ uxp://uxp-internal/domjs_scripts.js:2
src/main.js:181 [palette] PICK rgb(215,180,130)
src/main.js:189 [palette] setForeground failed: Error: Event: set may modify the state of Photoshop. Such events are only allowed from inside a modal scope. See https://www.adobe.com/go/ps_executeasmodal for details.
    at Object.batchPlaySync (uxp://uxp-internal/ps-app.js:1)
    at batchPlaySync (uxp://uxp-internal/ps-app.js:1)
    at Photoshop.set foregroundColor [as foregroundColor] (uxp://uxp-internal/ps-app.js:1)
    at doPickColor (VM116 main.js:187)
    at e.exports.onPointerMove (VM116 main.js:173)
    at uxp://uxp-internal/domjs_scripts.js:2
    at Object.runWithNativeHandler (<anonymous>)
    at D (uxp://uxp-internal/domjs_scripts.js:2)
    at uxp://uxp-internal/domjs_scripts.js:2
    at L (uxp://uxp-internal/domjs_scripts.js:2)
doPickColor @ src/main.js:189
onPointerMove @ src/main.js:173
(anonymous) @ uxp://uxp-internal/domjs_scripts.js:2
D @ uxp://uxp-internal/domjs_scripts.js:2
(anonymous) @ uxp://uxp-internal/domjs_scripts.js:2
L @ uxp://uxp-internal/domjs_scripts.js:2
P @ uxp://uxp-internal/domjs_scripts.js:2
e @ uxp://uxp-internal/domjs_scripts.js:2
_retargetAndDispatchNativeEvent @ uxp://uxp-internal/domjs_scripts.js:2
onEvent @ uxp://uxp-internal/domjs_scripts.js:2
src/main.js:181 [palette] PICK rgb(215,180,130)
src/main.js:189 [palette] setForeground failed: Error: Event: set may modify the state of Photoshop. Such events are only allowed from inside a modal scope. See https://www.adobe.com/go/ps_executeasmodal for details.
    at Object.batchPlaySync (uxp://uxp-internal/ps-app.js:1)
    at batchPlaySync (uxp://uxp-internal/ps-app.js:1)
    at Photoshop.set foregroundColor [as foregroundColor] (uxp://uxp-internal/ps-app.js:1)
    at doPickColor (VM116 main.js:187)
    at e.exports.onPointerMove (VM116 main.js:173)
    at uxp://uxp-internal/domjs_scripts.js:2
    at Object.runWithNativeHandler (<anonymous>)
    at D (uxp://uxp-internal/domjs_scripts.js:2)
    at uxp://uxp-internal/domjs_scripts.js:2
    at L (uxp://uxp-internal/domjs_scripts.js:2)
doPickColor @ src/main.js:189
onPointerMove @ src/main.js:173
(anonymous) @ uxp://uxp-internal/domjs_scripts.js:2
D @ uxp://uxp-internal/domjs_scripts.js:2
(anonymous) @ uxp://uxp-internal/domjs_scripts.js:2
L @ uxp://uxp-internal/domjs_scripts.js:2
P @ uxp://uxp-internal/domjs_scripts.js:2
e @ uxp://uxp-internal/domjs_scripts.js:2
_retargetAndDispatchNativeEvent @ uxp://uxp-internal/domjs_scripts.js:2
onEvent @ uxp://uxp-internal/domjs_scripts.js:2
src/main.js:181 [palette] PICK rgb(215,180,130)
src/main.js:189 [palette] setForeground failed: Error: Event: set may modify the state of Photoshop. Such events are only allowed from inside a modal scope. See https://www.adobe.com/go/ps_executeasmodal for details.
    at Object.batchPlaySync (uxp://uxp-internal/ps-app.js:1)
    at batchPlaySync (uxp://uxp-internal/ps-app.js:1)
    at Photoshop.set foregroundColor [as foregroundColor] (uxp://uxp-internal/ps-app.js:1)
    at doPickColor (VM116 main.js:187)
    at e.exports.onPointerMove (VM116 main.js:173)
    at uxp://uxp-internal/domjs_scripts.js:2
    at Object.runWithNativeHandler (<anonymous>)
    at D (uxp://uxp-internal/domjs_scripts.js:2)
    at uxp://uxp-internal/domjs_scripts.js:2
    at L (uxp://uxp-internal/domjs_scripts.js:2)
doPickColor @ src/main.js:189
onPointerMove @ src/main.js:173
(anonymous) @ uxp://uxp-internal/domjs_scripts.js:2
D @ uxp://uxp-internal/domjs_scripts.js:2
(anonymous) @ uxp://uxp-internal/domjs_scripts.js:2
L @ uxp://uxp-internal/domjs_scripts.js:2
P @ uxp://uxp-internal/domjs_scripts.js:2
e @ uxp://uxp-internal/domjs_scripts.js:2
_retargetAndDispatchNativeEvent @ uxp://uxp-internal/domjs_scripts.js:2
onEvent @ uxp://uxp-internal/domjs_scripts.js:2
src/main.js:100 [palette] CLICK on canvas, clientX=109.60000000000001 clientY=272.8
src/main.js:147 [palette] POINTERDOWN altKey=true pickMode=false
src/main.js:181 [palette] PICK rgb(204,145,62)
src/main.js:189 [palette] setForeground failed: Error: Event: set may modify the state of Photoshop. Such events are only allowed from inside a modal scope. See https://www.adobe.com/go/ps_executeasmodal for details.
    at Object.batchPlaySync (uxp://uxp-internal/ps-app.js:1)
    at batchPlaySync (uxp://uxp-internal/ps-app.js:1)
    at Photoshop.set foregroundColor [as foregroundColor] (uxp://uxp-internal/ps-app.js:1)
    at doPickColor (VM116 main.js:187)
    at e.exports.onPointerDown (VM116 main.js:154)
    at uxp://uxp-internal/domjs_scripts.js:2
    at Object.runWithNativeHandler (<anonymous>)
    at D (uxp://uxp-internal/domjs_scripts.js:2)
    at uxp://uxp-internal/domjs_scripts.js:2
    at L (uxp://uxp-internal/domjs_scripts.js:2)
doPickColor @ src/main.js:189
onPointerDown @ src/main.js:154
(anonymous) @ uxp://uxp-internal/domjs_scripts.js:2
D @ uxp://uxp-internal/domjs_scripts.js:2
(anonymous) @ uxp://uxp-internal/domjs_scripts.js:2
L @ uxp://uxp-internal/domjs_scripts.js:2
P @ uxp://uxp-internal/domjs_scripts.js:2
e @ uxp://uxp-internal/domjs_scripts.js:2
_retargetAndDispatchNativeEvent @ uxp://uxp-internal/domjs_scripts.js:2
onEvent @ uxp://uxp-internal/domjs_scripts.js:2
src/main.js:181 [palette] PICK rgb(204,145,62)
src/main.js:189 [palette] setForeground failed: Error: Event: set may modify the state of Photoshop. Such events are only allowed from inside a modal scope. See https://www.adobe.com/go/ps_executeasmodal for details.
    at Object.batchPlaySync (uxp://uxp-internal/ps-app.js:1)
    at batchPlaySync (uxp://uxp-internal/ps-app.js:1)
    at Photoshop.set foregroundColor [as foregroundColor] (uxp://uxp-internal/ps-app.js:1)
    at doPickColor (VM116 main.js:187)
    at e.exports.onPointerMove (VM116 main.js:173)
    at uxp://uxp-internal/domjs_scripts.js:2
    at Object.runWithNativeHandler (<anonymous>)
    at D (uxp://uxp-internal/domjs_scripts.js:2)
    at uxp://uxp-internal/domjs_scripts.js:2
    at L (uxp://uxp-internal/domjs_scripts.js:2)
doPickColor @ src/main.js:189
onPointerMove @ src/main.js:173
(anonymous) @ uxp://uxp-internal/domjs_scripts.js:2
D @ uxp://uxp-internal/domjs_scripts.js:2
(anonymous) @ uxp://uxp-internal/domjs_scripts.js:2
L @ uxp://uxp-internal/domjs_scripts.js:2
P @ uxp://uxp-internal/domjs_scripts.js:2
e @ uxp://uxp-internal/domjs_scripts.js:2
_retargetAndDispatchNativeEvent @ uxp://uxp-internal/domjs_scripts.js:2
onEvent @ uxp://uxp-internal/domjs_scripts.js:2
src/main.js:100 [palette] CLICK on canvas, clientX=104 clientY=249.60000000000002
src/main.js:147 [palette] POINTERDOWN altKey=false pickMode=false
src/main.js:100 [palette] CLICK on canvas, clientX=134.4 clientY=264.8
src/main.js:147 [palette] POINTERDOWN altKey=false pickMode=false
src/main.js:100 [palette] CLICK on canvas, clientX=110.4 clientY=277.6
src/main.js:147 [palette] POINTERDOWN altKey=false pickMode=false
src/main.js:100 [palette] CLICK on canvas, clientX=118.4 clientY=256.8
src/main.js:147 [palette] POINTERDOWN altKey=true pickMode=false
src/main.js:181 [palette] PICK rgb(162,66,129)
src/main.js:189 [palette] setForeground failed: Error: Event: set may modify the state of Photoshop. Such events are only allowed from inside a modal scope. See https://www.adobe.com/go/ps_executeasmodal for details.
    at Object.batchPlaySync (uxp://uxp-internal/ps-app.js:1)
    at batchPlaySync (uxp://uxp-internal/ps-app.js:1)
    at Photoshop.set foregroundColor [as foregroundColor] (uxp://uxp-internal/ps-app.js:1)
    at doPickColor (VM116 main.js:187)
    at e.exports.onPointerDown (VM116 main.js:154)
    at uxp://uxp-internal/domjs_scripts.js:2
    at Object.runWithNativeHandler (<anonymous>)
    at D (uxp://uxp-internal/domjs_scripts.js:2)
    at uxp://uxp-internal/domjs_scripts.js:2
    at L (uxp://uxp-internal/domjs_scripts.js:2)
doPickColor @ src/main.js:189
onPointerDown @ src/main.js:154
(anonymous) @ uxp://uxp-internal/domjs_scripts.js:2
D @ uxp://uxp-internal/domjs_scripts.js:2
(anonymous) @ uxp://uxp-internal/domjs_scripts.js:2
L @ uxp://uxp-internal/domjs_scripts.js:2
P @ uxp://uxp-internal/domjs_scripts.js:2
e @ uxp://uxp-internal/domjs_scripts.js:2
_retargetAndDispatchNativeEvent @ uxp://uxp-internal/domjs_scripts.js:2
onEvent @ uxp://uxp-internal/domjs_scripts.js:2
src/main.js:100 [palette] CLICK on canvas, clientX=116 clientY=252
src/main.js:147 [palette] POINTERDOWN altKey=false pickMode=false
src/main.js:100 [palette] CLICK on canvas, clientX=148 clientY=242.4
src/main.js:147 [palette] POINTERDOWN altKey=false pickMode=false
src/main.js:100 [palette] CLICK on canvas, clientX=130.4 clientY=236.8
src/main.js:147 [palette] POINTERDOWN altKey=true pickMode=false
src/main.js:181 [palette] PICK rgb(162,66,129)
src/main.js:189 [palette] setForeground failed: Error: Event: set may modify the state of Photoshop. Such events are only allowed from inside a modal scope. See https://www.adobe.com/go/ps_executeasmodal for details.
    at Object.batchPlaySync (uxp://uxp-internal/ps-app.js:1)
    at batchPlaySync (uxp://uxp-internal/ps-app.js:1)
    at Photoshop.set foregroundColor [as foregroundColor] (uxp://uxp-internal/ps-app.js:1)
    at doPickColor (VM116 main.js:187)
    at e.exports.onPointerDown (VM116 main.js:154)
    at uxp://uxp-internal/domjs_scripts.js:2
    at Object.runWithNativeHandler (<anonymous>)
    at D (uxp://uxp-internal/domjs_scripts.js:2)
    at uxp://uxp-internal/domjs_scripts.js:2
    at L (uxp://uxp-internal/domjs_scripts.js:2)
doPickColor @ src/main.js:189
onPointerDown @ src/main.js:154
(anonymous) @ uxp://uxp-internal/domjs_scripts.js:2
D @ uxp://uxp-internal/domjs_scripts.js:2
(anonymous) @ uxp://uxp-internal/domjs_scripts.js:2
L @ uxp://uxp-internal/domjs_scripts.js:2
P @ uxp://uxp-internal/domjs_scripts.js:2
e @ uxp://uxp-internal/domjs_scripts.js:2
_retargetAndDispatchNativeEvent @ uxp://uxp-internal/domjs_scripts.js:2
onEvent @ uxp://uxp-internal/domjs_scripts.js:2
src/main.js:181 [palette] PICK rgb(162,66,129)
src/main.js:189 [palette] setForeground failed: Error: Event: set may modify the state of Photoshop. Such events are only allowed from inside a modal scope. See https://www.adobe.com/go/ps_executeasmodal for details.
    at Object.batchPlaySync (uxp://uxp-internal/ps-app.js:1)
    at batchPlaySync (uxp://uxp-internal/ps-app.js:1)
    at Photoshop.set foregroundColor [as foregroundColor] (uxp://uxp-internal/ps-app.js:1)
    at doPickColor (VM116 main.js:187)
    at e.exports.onPointerMove (VM116 main.js:173)
    at uxp://uxp-internal/domjs_scripts.js:2
    at Object.runWithNativeHandler (<anonymous>)
    at D (uxp://uxp-internal/domjs_scripts.js:2)
    at uxp://uxp-internal/domjs_scripts.js:2
    at L (uxp://uxp-internal/domjs_scripts.js:2)
doPickColor @ src/main.js:189
onPointerMove @ src/main.js:173
(anonymous) @ uxp://uxp-internal/domjs_scripts.js:2
D @ uxp://uxp-internal/domjs_scripts.js:2
(anonymous) @ uxp://uxp-internal/domjs_scripts.js:2
L @ uxp://uxp-internal/domjs_scripts.js:2
P @ uxp://uxp-internal/domjs_scripts.js:2
e @ uxp://uxp-internal/domjs_scripts.js:2
_retargetAndDispatchNativeEvent @ uxp://uxp-internal/domjs_scripts.js:2
onEvent @ uxp://uxp-internal/domjs_scripts.js:2
src/main.js:181 [palette] PICK rgb(162,66,129)
src/main.js:189 [palette] setForeground failed: Error: Event: set may modify the state of Photoshop. Such events are only allowed from inside a modal scope. See https://www.adobe.com/go/ps_executeasmodal for details.
    at Object.batchPlaySync (uxp://uxp-internal/ps-app.js:1)
    at batchPlaySync (uxp://uxp-internal/ps-app.js:1)
    at Photoshop.set foregroundColor [as foregroundColor] (uxp://uxp-internal/ps-app.js:1)
    at doPickColor (VM116 main.js:187)
    at e.exports.onPointerMove (VM116 main.js:173)
    at uxp://uxp-internal/domjs_scripts.js:2
    at Object.runWithNativeHandler (<anonymous>)
    at D (uxp://uxp-internal/domjs_scripts.js:2)
    at uxp://uxp-internal/domjs_scripts.js:2
    at L (uxp://uxp-internal/domjs_scripts.js:2)
doPickColor @ src/main.js:189
onPointerMove @ src/main.js:173
(anonymous) @ uxp://uxp-internal/domjs_scripts.js:2
D @ uxp://uxp-internal/domjs_scripts.js:2
(anonymous) @ uxp://uxp-internal/domjs_scripts.js:2
L @ uxp://uxp-internal/domjs_scripts.js:2
P @ uxp://uxp-internal/domjs_scripts.js:2
e @ uxp://uxp-internal/domjs_scripts.js:2
_retargetAndDispatchNativeEvent @ uxp://uxp-internal/domjs_scripts.js:2
onEvent @ uxp://uxp-internal/domjs_scripts.js:2
src/main.js:100 [palette] CLICK on canvas, clientX=104 clientY=251.20000000000002
src/main.js:147 [palette] POINTERDOWN altKey=true pickMode=false
src/main.js:181 [palette] PICK rgb(232,232,232)
src/main.js:189 [palette] setForeground failed: Error: Event: set may modify the state of Photoshop. Such events are only allowed from inside a modal scope. See https://www.adobe.com/go/ps_executeasmodal for details.
    at Object.batchPlaySync (uxp://uxp-internal/ps-app.js:1)
    at batchPlaySync (uxp://uxp-internal/ps-app.js:1)
    at Photoshop.set foregroundColor [as foregroundColor] (uxp://uxp-internal/ps-app.js:1)
    at doPickColor (VM116 main.js:187)
    at e.exports.onPointerDown (VM116 main.js:154)
    at uxp://uxp-internal/domjs_scripts.js:2
    at Object.runWithNativeHandler (<anonymous>)
    at D (uxp://uxp-internal/domjs_scripts.js:2)
    at uxp://uxp-internal/domjs_scripts.js:2
    at L (uxp://uxp-internal/domjs_scripts.js:2)
doPickColor @ src/main.js:189
onPointerDown @ src/main.js:154
(anonymous) @ uxp://uxp-internal/domjs_scripts.js:2
D @ uxp://uxp-internal/domjs_scripts.js:2
(anonymous) @ uxp://uxp-internal/domjs_scripts.js:2
L @ uxp://uxp-internal/domjs_scripts.js:2
P @ uxp://uxp-internal/domjs_scripts.js:2
e @ uxp://uxp-internal/domjs_scripts.js:2
_retargetAndDispatchNativeEvent @ uxp://uxp-internal/domjs_scripts.js:2
onEvent @ uxp://uxp-internal/domjs_scripts.js:2
src/main.js:100 [palette] CLICK on canvas, clientX=152 clientY=295.2
src/main.js:147 [palette] POINTERDOWN altKey=true pickMode=false
src/main.js:181 [palette] PICK rgb(206,151,73)
src/main.js:189 [palette] setForeground failed: Error: Event: set may modify the state of Photoshop. Such events are only allowed from inside a modal scope. See https://www.adobe.com/go/ps_executeasmodal for details.
    at Object.batchPlaySync (uxp://uxp-internal/ps-app.js:1)
    at batchPlaySync (uxp://uxp-internal/ps-app.js:1)
    at Photoshop.set foregroundColor [as foregroundColor] (uxp://uxp-internal/ps-app.js:1)
    at doPickColor (VM116 main.js:187)
    at e.exports.onPointerDown (VM116 main.js:154)
    at uxp://uxp-internal/domjs_scripts.js:2
    at Object.runWithNativeHandler (<anonymous>)
    at D (uxp://uxp-internal/domjs_scripts.js:2)
    at uxp://uxp-internal/domjs_scripts.js:2
    at L (uxp://uxp-internal/domjs_scripts.js:2)
doPickColor @ src/main.js:189
onPointerDown @ src/main.js:154
(anonymous) @ uxp://uxp-internal/domjs_scripts.js:2
D @ uxp://uxp-internal/domjs_scripts.js:2
(anonymous) @ uxp://uxp-internal/domjs_scripts.js:2
L @ uxp://uxp-internal/domjs_scripts.js:2
P @ uxp://uxp-internal/domjs_scripts.js:2
e @ uxp://uxp-internal/domjs_scripts.js:2
_retargetAndDispatchNativeEvent @ uxp://uxp-internal/domjs_scripts.js:2
onEvent @ uxp://uxp-internal/domjs_scripts.js:2
src/main.js:181 [palette] PICK rgb(206,151,73)
src/main.js:189 [palette] setForeground failed: Error: Event: set may modify the state of Photoshop. Such events are only allowed from inside a modal scope. See https://www.adobe.com/go/ps_executeasmodal for details.
    at Object.batchPlaySync (uxp://uxp-internal/ps-app.js:1)
    at batchPlaySync (uxp://uxp-internal/ps-app.js:1)
    at Photoshop.set foregroundColor [as foregroundColor] (uxp://uxp-internal/ps-app.js:1)
    at doPickColor (VM116 main.js:187)
    at e.exports.onPointerMove (VM116 main.js:173)
    at uxp://uxp-internal/domjs_scripts.js:2
    at Object.runWithNativeHandler (<anonymous>)
    at D (uxp://uxp-internal/domjs_scripts.js:2)
    at uxp://uxp-internal/domjs_scripts.js:2
    at L (uxp://uxp-internal/domjs_scripts.js:2)
doPickColor @ src/main.js:189
onPointerMove @ src/main.js:173
(anonymous) @ uxp://uxp-internal/domjs_scripts.js:2
D @ uxp://uxp-internal/domjs_scripts.js:2
(anonymous) @ uxp://uxp-internal/domjs_scripts.js:2
L @ uxp://uxp-internal/domjs_scripts.js:2
P @ uxp://uxp-internal/domjs_scripts.js:2
e @ uxp://uxp-internal/domjs_scripts.js:2
_retargetAndDispatchNativeEvent @ uxp://uxp-internal/domjs_scripts.js:2
onEvent @ uxp://uxp-internal/domjs_scripts.js:2
src/main.js:181 [palette] PICK rgb(205,147,66)
src/main.js:189 [palette] setForeground failed: Error: Event: set may modify the state of Photoshop. Such events are only allowed from inside a modal scope. See https://www.adobe.com/go/ps_executeasmodal for details.
    at Object.batchPlaySync (uxp://uxp-internal/ps-app.js:1)
    at batchPlaySync (uxp://uxp-internal/ps-app.js:1)
    at Photoshop.set foregroundColor [as foregroundColor] (uxp://uxp-internal/ps-app.js:1)
    at doPickColor (VM116 main.js:187)
    at e.exports.onPointerMove (VM116 main.js:173)
    at uxp://uxp-internal/domjs_scripts.js:2
    at Object.runWithNativeHandler (<anonymous>)
    at D (uxp://uxp-internal/domjs_scripts.js:2)
    at uxp://uxp-internal/domjs_scripts.js:2
    at L (uxp://uxp-internal/domjs_scripts.js:2)
doPickColor @ src/main.js:189
onPointerMove @ src/main.js:173
(anonymous) @ uxp://uxp-internal/domjs_scripts.js:2
D @ uxp://uxp-internal/domjs_scripts.js:2
(anonymous) @ uxp://uxp-internal/domjs_scripts.js:2
L @ uxp://uxp-internal/domjs_scripts.js:2
P @ uxp://uxp-internal/domjs_scripts.js:2
e @ uxp://uxp-internal/domjs_scripts.js:2
_retargetAndDispatchNativeEvent @ uxp://uxp-internal/domjs_scripts.js:2
onEvent @ uxp://uxp-internal/domjs_scripts.js:2
src/main.js:181 [palette] PICK rgb(205,147,66)
src/main.js:189 [palette] setForeground failed: Error: Event: set may modify the state of Photoshop. Such events are only allowed from inside a modal scope. See https://www.adobe.com/go/ps_executeasmodal for details.
    at Object.batchPlaySync (uxp://uxp-internal/ps-app.js:1)
    at batchPlaySync (uxp://uxp-internal/ps-app.js:1)
    at Photoshop.set foregroundColor [as foregroundColor] (uxp://uxp-internal/ps-app.js:1)
    at doPickColor (VM116 main.js:187)
    at e.exports.onPointerMove (VM116 main.js:173)
    at uxp://uxp-internal/domjs_scripts.js:2
    at Object.runWithNativeHandler (<anonymous>)
    at D (uxp://uxp-internal/domjs_scripts.js:2)
    at uxp://uxp-internal/domjs_scripts.js:2
    at L (uxp://uxp-internal/domjs_scripts.js:2)
doPickColor @ src/main.js:189
onPointerMove @ src/main.js:173
(anonymous) @ uxp://uxp-internal/domjs_scripts.js:2
D @ uxp://uxp-internal/domjs_scripts.js:2
(anonymous) @ uxp://uxp-internal/domjs_scripts.js:2
L @ uxp://uxp-internal/domjs_scripts.js:2
P @ uxp://uxp-internal/domjs_scripts.js:2
e @ uxp://uxp-internal/domjs_scripts.js:2
_retargetAndDispatchNativeEvent @ uxp://uxp-internal/domjs_scripts.js:2
onEvent @ uxp://uxp-internal/domjs_scripts.js:2
src/main.js:100 [palette] CLICK on canvas, clientX=142.4 clientY=270.40000000000003
src/main.js:147 [palette] POINTERDOWN altKey=true pickMode=false
src/main.js:181 [palette] PICK rgb(163,66,132)
src/main.js:189 [palette] setForeground failed: Error: Event: set may modify the state of Photoshop. Such events are only allowed from inside a modal scope. See https://www.adobe.com/go/ps_executeasmodal for details.
    at Object.batchPlaySync (uxp://uxp-internal/ps-app.js:1)
    at batchPlaySync (uxp://uxp-internal/ps-app.js:1)
    at Photoshop.set foregroundColor [as foregroundColor] (uxp://uxp-internal/ps-app.js:1)
    at doPickColor (VM116 main.js:187)
    at e.exports.onPointerDown (VM116 main.js:154)
    at uxp://uxp-internal/domjs_scripts.js:2
    at Object.runWithNativeHandler (<anonymous>)
    at D (uxp://uxp-internal/domjs_scripts.js:2)
    at uxp://uxp-internal/domjs_scripts.js:2
    at L (uxp://uxp-internal/domjs_scripts.js:2)
doPickColor @ src/main.js:189
onPointerDown @ src/main.js:154
(anonymous) @ uxp://uxp-internal/domjs_scripts.js:2
D @ uxp://uxp-internal/domjs_scripts.js:2
(anonymous) @ uxp://uxp-internal/domjs_scripts.js:2
L @ uxp://uxp-internal/domjs_scripts.js:2
P @ uxp://uxp-internal/domjs_scripts.js:2
e @ uxp://uxp-internal/domjs_scripts.js:2
_retargetAndDispatchNativeEvent @ uxp://uxp-internal/domjs_scripts.js:2
onEvent @ uxp://uxp-internal/domjs_scripts.js:2
src/main.js:181 [palette] PICK rgb(163,66,132)
src/main.js:189 [palette] setForeground failed: Error: Event: set may modify the state of Photoshop. Such events are only allowed from inside a modal scope. See https://www.adobe.com/go/ps_executeasmodal for details.
    at Object.batchPlaySync (uxp://uxp-internal/ps-app.js:1)
    at batchPlaySync (uxp://uxp-internal/ps-app.js:1)
    at Photoshop.set foregroundColor [as foregroundColor] (uxp://uxp-internal/ps-app.js:1)
    at doPickColor (VM116 main.js:187)
    at e.exports.onPointerMove (VM116 main.js:173)
    at uxp://uxp-internal/domjs_scripts.js:2
    at Object.runWithNativeHandler (<anonymous>)
    at D (uxp://uxp-internal/domjs_scripts.js:2)
    at uxp://uxp-internal/domjs_scripts.js:2
    at L (uxp://uxp-internal/domjs_scripts.js:2)
doPickColor @ src/main.js:189
onPointerMove @ src/main.js:173
(anonymous) @ uxp://uxp-internal/domjs_scripts.js:2
D @ uxp://uxp-internal/domjs_scripts.js:2
(anonymous) @ uxp://uxp-internal/domjs_scripts.js:2
L @ uxp://uxp-internal/domjs_scripts.js:2
P @ uxp://uxp-internal/domjs_scripts.js:2
e @ uxp://uxp-internal/domjs_scripts.js:2
_retargetAndDispatchNativeEvent @ uxp://uxp-internal/domjs_scripts.js:2
onEvent @ uxp://uxp-internal/domjs_scripts.js:2
src/main.js:100 [palette] CLICK on canvas, clientX=141.6 clientY=223.20000000000002
src/main.js:147 [palette] POINTERDOWN altKey=true pickMode=false
src/main.js:181 [palette] PICK rgb(205,147,66)
src/main.js:189 [palette] setForeground failed: Error: Event: set may modify the state of Photoshop. Such events are only allowed from inside a modal scope. See https://www.adobe.com/go/ps_executeasmodal for details.
    at Object.batchPlaySync (uxp://uxp-internal/ps-app.js:1)
    at batchPlaySync (uxp://uxp-internal/ps-app.js:1)
    at Photoshop.set foregroundColor [as foregroundColor] (uxp://uxp-internal/ps-app.js:1)
    at doPickColor (VM116 main.js:187)
    at e.exports.onPointerDown (VM116 main.js:154)
    at uxp://uxp-internal/domjs_scripts.js:2
    at Object.runWithNativeHandler (<anonymous>)
    at D (uxp://uxp-internal/domjs_scripts.js:2)
    at uxp://uxp-internal/domjs_scripts.js:2
    at L (uxp://uxp-internal/domjs_scripts.js:2)
doPickColor @ src/main.js:189
onPointerDown @ src/main.js:154
(anonymous) @ uxp://uxp-internal/domjs_scripts.js:2
D @ uxp://uxp-internal/domjs_scripts.js:2
(anonymous) @ uxp://uxp-internal/domjs_scripts.js:2
L @ uxp://uxp-internal/domjs_scripts.js:2
P @ uxp://uxp-internal/domjs_scripts.js:2
e @ uxp://uxp-internal/domjs_scripts.js:2
_retargetAndDispatchNativeEvent @ uxp://uxp-internal/domjs_scripts.js:2
onEvent @ uxp://uxp-internal/domjs_scripts.js:2
src/main.js:100 [palette] CLICK on canvas, clientX=142.4 clientY=218.4
src/main.js:147 [palette] POINTERDOWN altKey=true pickMode=false
src/main.js:181 [palette] PICK rgb(156,54,139)
src/main.js:189 [palette] setForeground failed: Error: Event: set may modify the state of Photoshop. Such events are only allowed from inside a modal scope. See https://www.adobe.com/go/ps_executeasmodal for details.
    at Object.batchPlaySync (uxp://uxp-internal/ps-app.js:1)
    at batchPlaySync (uxp://uxp-internal/ps-app.js:1)
    at Photoshop.set foregroundColor [as foregroundColor] (uxp://uxp-internal/ps-app.js:1)
    at doPickColor (VM116 main.js:187)
    at e.exports.onPointerDown (VM116 main.js:154)
    at uxp://uxp-internal/domjs_scripts.js:2
    at Object.runWithNativeHandler (<anonymous>)
    at D (uxp://uxp-internal/domjs_scripts.js:2)
    at uxp://uxp-internal/domjs_scripts.js:2
    at L (uxp://uxp-internal/domjs_scripts.js:2)
doPickColor @ src/main.js:189
onPointerDown @ src/main.js:154
(anonymous) @ uxp://uxp-internal/domjs_scripts.js:2
D @ uxp://uxp-internal/domjs_scripts.js:2
(anonymous) @ uxp://uxp-internal/domjs_scripts.js:2
L @ uxp://uxp-internal/domjs_scripts.js:2
P @ uxp://uxp-internal/domjs_scripts.js:2
e @ uxp://uxp-internal/domjs_scripts.js:2
_retargetAndDispatchNativeEvent @ uxp://uxp-internal/domjs_scripts.js:2
onEvent @ uxp://uxp-internal/domjs_scripts.js:2
src/main.js:181 [palette] PICK rgb(156,54,139)
src/main.js:189 [palette] setForeground failed: Error: Event: set may modify the state of Photoshop. Such events are only allowed from inside a modal scope. See https://www.adobe.com/go/ps_executeasmodal for details.
    at Object.batchPlaySync (uxp://uxp-internal/ps-app.js:1)
    at batchPlaySync (uxp://uxp-internal/ps-app.js:1)
    at Photoshop.set foregroundColor [as foregroundColor] (uxp://uxp-internal/ps-app.js:1)
    at doPickColor (VM116 main.js:187)
    at e.exports.onPointerMove (VM116 main.js:173)
    at uxp://uxp-internal/domjs_scripts.js:2
    at Object.runWithNativeHandler (<anonymous>)
    at D (uxp://uxp-internal/domjs_scripts.js:2)
    at uxp://uxp-internal/domjs_scripts.js:2
    at L (uxp://uxp-internal/domjs_scripts.js:2)
doPickColor @ src/main.js:189
onPointerMove @ src/main.js:173
(anonymous) @ uxp://uxp-internal/domjs_scripts.js:2
D @ uxp://uxp-internal/domjs_scripts.js:2
(anonymous) @ uxp://uxp-internal/domjs_scripts.js:2
L @ uxp://uxp-internal/domjs_scripts.js:2
P @ uxp://uxp-internal/domjs_scripts.js:2
e @ uxp://uxp-internal/domjs_scripts.js:2
_retargetAndDispatchNativeEvent @ uxp://uxp-internal/domjs_scripts.js:2
onEvent @ uxp://uxp-internal/domjs_scripts.js:2
src/main.js:100 [palette] CLICK on canvas, clientX=128 clientY=255.20000000000002
src/main.js:147 [palette] POINTERDOWN altKey=true pickMode=false
src/main.js:181 [palette] PICK rgb(204,145,62)
src/main.js:189 [palette] setForeground failed: Error: Event: set may modify the state of Photoshop. Such events are only allowed from inside a modal scope. See https://www.adobe.com/go/ps_executeasmodal for details.
    at Object.batchPlaySync (uxp://uxp-internal/ps-app.js:1)
    at batchPlaySync (uxp://uxp-internal/ps-app.js:1)
    at Photoshop.set foregroundColor [as foregroundColor] (uxp://uxp-internal/ps-app.js:1)
    at doPickColor (VM116 main.js:187)
    at e.exports.onPointerDown (VM116 main.js:154)
    at uxp://uxp-internal/domjs_scripts.js:2
    at Object.runWithNativeHandler (<anonymous>)
    at D (uxp://uxp-internal/domjs_scripts.js:2)
    at uxp://uxp-internal/domjs_scripts.js:2
    at L (uxp://uxp-internal/domjs_scripts.js:2)
doPickColor @ src/main.js:189
onPointerDown @ src/main.js:154
(anonymous) @ uxp://uxp-internal/domjs_scripts.js:2
D @ uxp://uxp-internal/domjs_scripts.js:2
(anonymous) @ uxp://uxp-internal/domjs_scripts.js:2
L @ uxp://uxp-internal/domjs_scripts.js:2
P @ uxp://uxp-internal/domjs_scripts.js:2
e @ uxp://uxp-internal/domjs_scripts.js:2
_retargetAndDispatchNativeEvent @ uxp://uxp-internal/domjs_scripts.js:2
onEvent @ uxp://uxp-internal/domjs_scripts.js:2
src/main.js:181 [palette] PICK rgb(204,145,62)
src/main.js:189 [palette] setForeground failed: Error: Event: set may modify the state of Photoshop. Such events are only allowed from inside a modal scope. See https://www.adobe.com/go/ps_executeasmodal for details.
    at Object.batchPlaySync (uxp://uxp-internal/ps-app.js:1)
    at batchPlaySync (uxp://uxp-internal/ps-app.js:1)
    at Photoshop.set foregroundColor [as foregroundColor] (uxp://uxp-internal/ps-app.js:1)
    at doPickColor (VM116 main.js:187)
    at e.exports.onPointerMove (VM116 main.js:173)
    at uxp://uxp-internal/domjs_scripts.js:2
    at Object.runWithNativeHandler (<anonymous>)
    at D (uxp://uxp-internal/domjs_scripts.js:2)
    at uxp://uxp-internal/domjs_scripts.js:2
    at L (uxp://uxp-internal/domjs_scripts.js:2)
doPickColor @ src/main.js:189
onPointerMove @ src/main.js:173
(anonymous) @ uxp://uxp-internal/domjs_scripts.js:2
D @ uxp://uxp-internal/domjs_scripts.js:2
(anonymous) @ uxp://uxp-internal/domjs_scripts.js:2
L @ uxp://uxp-internal/domjs_scripts.js:2
P @ uxp://uxp-internal/domjs_scripts.js:2
e @ uxp://uxp-internal/domjs_scripts.js:2
_retargetAndDispatchNativeEvent @ uxp://uxp-internal/domjs_scripts.js:2
onEvent @ uxp://uxp-internal/domjs_scripts.js:2
src/main.js:100 [palette] CLICK on canvas, clientX=93.60000000000001 clientY=244
src/main.js:119 [palette] pickMode = true
src/main.js:147 [palette] POINTERDOWN altKey=false pickMode=true
src/main.js:181 [palette] PICK rgb(205,147,66)
src/main.js:189 [palette] setForeground failed: Error: Event: set may modify the state of Photoshop. Such events are only allowed from inside a modal scope. See https://www.adobe.com/go/ps_executeasmodal for details.
    at Object.batchPlaySync (uxp://uxp-internal/ps-app.js:1)
    at batchPlaySync (uxp://uxp-internal/ps-app.js:1)
    at Photoshop.set foregroundColor [as foregroundColor] (uxp://uxp-internal/ps-app.js:1)
    at doPickColor (VM116 main.js:187)
    at e.exports.onPointerDown (VM116 main.js:154)
    at uxp://uxp-internal/domjs_scripts.js:2
    at D (uxp://uxp-internal/domjs_scripts.js:2)
    at uxp://uxp-internal/domjs_scripts.js:2
    at L (uxp://uxp-internal/domjs_scripts.js:2)
    at P (uxp://uxp-internal/domjs_scripts.js:2)
doPickColor @ src/main.js:189
onPointerDown @ src/main.js:154
(anonymous) @ uxp://uxp-internal/domjs_scripts.js:2
D @ uxp://uxp-internal/domjs_scripts.js:2
(anonymous) @ uxp://uxp-internal/domjs_scripts.js:2
L @ uxp://uxp-internal/domjs_scripts.js:2
P @ uxp://uxp-internal/domjs_scripts.js:2
e @ uxp://uxp-internal/domjs_scripts.js:2
_retargetAndDispatchNativeEvent @ uxp://uxp-internal/domjs_scripts.js:2
onEvent @ uxp://uxp-internal/domjs_scripts.js:2
src/main.js:181 [palette] PICK rgb(205,147,66)
src/main.js:189 [palette] setForeground failed: Error: Event: set may modify the state of Photoshop. Such events are only allowed from inside a modal scope. See https://www.adobe.com/go/ps_executeasmodal for details.
    at Object.batchPlaySync (uxp://uxp-internal/ps-app.js:1)
    at batchPlaySync (uxp://uxp-internal/ps-app.js:1)
    at Photoshop.set foregroundColor [as foregroundColor] (uxp://uxp-internal/ps-app.js:1)
    at doPickColor (VM116 main.js:187)
    at e.exports.onPointerMove (VM116 main.js:173)
    at uxp://uxp-internal/domjs_scripts.js:2
    at D (uxp://uxp-internal/domjs_scripts.js:2)
    at uxp://uxp-internal/domjs_scripts.js:2
    at L (uxp://uxp-internal/domjs_scripts.js:2)
    at P (uxp://uxp-internal/domjs_scripts.js:2)
doPickColor @ src/main.js:189
onPointerMove @ src/main.js:173
(anonymous) @ uxp://uxp-internal/domjs_scripts.js:2
D @ uxp://uxp-internal/domjs_scripts.js:2
(anonymous) @ uxp://uxp-internal/domjs_scripts.js:2
L @ uxp://uxp-internal/domjs_scripts.js:2
P @ uxp://uxp-internal/domjs_scripts.js:2
e @ uxp://uxp-internal/domjs_scripts.js:2
_retargetAndDispatchNativeEvent @ uxp://uxp-internal/domjs_scripts.js:2
onEvent @ uxp://uxp-internal/domjs_scripts.js:2
src/main.js:100 [palette] CLICK on canvas, clientX=143.20000000000002 clientY=268
src/main.js:147 [palette] POINTERDOWN altKey=false pickMode=true
src/main.js:181 [palette] PICK rgb(162,66,129)
src/main.js:189 [palette] setForeground failed: Error: Event: set may modify the state of Photoshop. Such events are only allowed from inside a modal scope. See https://www.adobe.com/go/ps_executeasmodal for details.
    at Object.batchPlaySync (uxp://uxp-internal/ps-app.js:1)
    at batchPlaySync (uxp://uxp-internal/ps-app.js:1)
    at Photoshop.set foregroundColor [as foregroundColor] (uxp://uxp-internal/ps-app.js:1)
    at doPickColor (VM116 main.js:187)
    at e.exports.onPointerDown (VM116 main.js:154)
    at uxp://uxp-internal/domjs_scripts.js:2
    at D (uxp://uxp-internal/domjs_scripts.js:2)
    at uxp://uxp-internal/domjs_scripts.js:2
    at L (uxp://uxp-internal/domjs_scripts.js:2)
    at P (uxp://uxp-internal/domjs_scripts.js:2)
doPickColor @ src/main.js:189
onPointerDown @ src/main.js:154
(anonymous) @ uxp://uxp-internal/domjs_scripts.js:2
D @ uxp://uxp-internal/domjs_scripts.js:2
(anonymous) @ uxp://uxp-internal/domjs_scripts.js:2
L @ uxp://uxp-internal/domjs_scripts.js:2
P @ uxp://uxp-internal/domjs_scripts.js:2
e @ uxp://uxp-internal/domjs_scripts.js:2
_retargetAndDispatchNativeEvent @ uxp://uxp-internal/domjs_scripts.js:2
onEvent @ uxp://uxp-internal/domjs_scripts.js:2
src/main.js:181 [palette] PICK rgb(162,66,129)
src/main.js:189 [palette] setForeground failed: Error: Event: set may modify the state of Photoshop. Such events are only allowed from inside a modal scope. See https://www.adobe.com/go/ps_executeasmodal for details.
    at Object.batchPlaySync (uxp://uxp-internal/ps-app.js:1)
    at batchPlaySync (uxp://uxp-internal/ps-app.js:1)
    at Photoshop.set foregroundColor [as foregroundColor] (uxp://uxp-internal/ps-app.js:1)
    at doPickColor (VM116 main.js:187)
    at e.exports.onPointerMove (VM116 main.js:173)
    at uxp://uxp-internal/domjs_scripts.js:2
    at D (uxp://uxp-internal/domjs_scripts.js:2)
    at uxp://uxp-internal/domjs_scripts.js:2
    at L (uxp://uxp-internal/domjs_scripts.js:2)
    at P (uxp://uxp-internal/domjs_scripts.js:2)
doPickColor @ src/main.js:189
onPointerMove @ src/main.js:173
(anonymous) @ uxp://uxp-internal/domjs_scripts.js:2
D @ uxp://uxp-internal/domjs_scripts.js:2
(anonymous) @ uxp://uxp-internal/domjs_scripts.js:2
L @ uxp://uxp-internal/domjs_scripts.js:2
P @ uxp://uxp-internal/domjs_scripts.js:2
e @ uxp://uxp-internal/domjs_scripts.js:2
_retargetAndDispatchNativeEvent @ uxp://uxp-internal/domjs_scripts.js:2
onEvent @ uxp://uxp-internal/domjs_scripts.js:2
src/main.js:100 [palette] CLICK on canvas, clientX=100.80000000000001 clientY=248
src/main.js:147 [palette] POINTERDOWN altKey=false pickMode=true
src/main.js:181 [palette] PICK rgb(215,180,130)
src/main.js:189 [palette] setForeground failed: Error: Event: set may modify the state of Photoshop. Such events are only allowed from inside a modal scope. See https://www.adobe.com/go/ps_executeasmodal for details.
    at Object.batchPlaySync (uxp://uxp-internal/ps-app.js:1)
    at batchPlaySync (uxp://uxp-internal/ps-app.js:1)
    at Photoshop.set foregroundColor [as foregroundColor] (uxp://uxp-internal/ps-app.js:1)
    at doPickColor (VM116 main.js:187)
    at e.exports.onPointerDown (VM116 main.js:154)
    at uxp://uxp-internal/domjs_scripts.js:2
    at D (uxp://uxp-internal/domjs_scripts.js:2)
    at uxp://uxp-internal/domjs_scripts.js:2
    at L (uxp://uxp-internal/domjs_scripts.js:2)
    at P (uxp://uxp-internal/domjs_scripts.js:2)
doPickColor @ src/main.js:189
onPointerDown @ src/main.js:154
(anonymous) @ uxp://uxp-internal/domjs_scripts.js:2
D @ uxp://uxp-internal/domjs_scripts.js:2
(anonymous) @ uxp://uxp-internal/domjs_scripts.js:2
L @ uxp://uxp-internal/domjs_scripts.js:2
P @ uxp://uxp-internal/domjs_scripts.js:2
e @ uxp://uxp-internal/domjs_scripts.js:2
_retargetAndDispatchNativeEvent @ uxp://uxp-internal/domjs_scripts.js:2
onEvent @ uxp://uxp-internal/domjs_scripts.js:2
src/main.js:181 [palette] PICK rgb(215,180,130)
src/main.js:189 [palette] setForeground failed: Error: Event: set may modify the state of Photoshop. Such events are only allowed from inside a modal scope. See https://www.adobe.com/go/ps_executeasmodal for details.
    at Object.batchPlaySync (uxp://uxp-internal/ps-app.js:1)
    at batchPlaySync (uxp://uxp-internal/ps-app.js:1)
    at Photoshop.set foregroundColor [as foregroundColor] (uxp://uxp-internal/ps-app.js:1)
    at doPickColor (VM116 main.js:187)
    at e.exports.onPointerMove (VM116 main.js:173)
    at uxp://uxp-internal/domjs_scripts.js:2
    at D (uxp://uxp-internal/domjs_scripts.js:2)
    at uxp://uxp-internal/domjs_scripts.js:2
    at L (uxp://uxp-internal/domjs_scripts.js:2)
    at P (uxp://uxp-internal/domjs_scripts.js:2)
doPickColor @ src/main.js:189
onPointerMove @ src/main.js:173
(anonymous) @ uxp://uxp-internal/domjs_scripts.js:2
D @ uxp://uxp-internal/domjs_scripts.js:2
(anonymous) @ uxp://uxp-internal/domjs_scripts.js:2
L @ uxp://uxp-internal/domjs_scripts.js:2
P @ uxp://uxp-internal/domjs_scripts.js:2
e @ uxp://uxp-internal/domjs_scripts.js:2
_retargetAndDispatchNativeEvent @ uxp://uxp-internal/domjs_scripts.js:2
onEvent @ uxp://uxp-internal/domjs_scripts.js:2
src/main.js:100 [palette] CLICK on canvas, clientX=104.80000000000001 clientY=218.4
src/main.js:147 [palette] POINTERDOWN altKey=false pickMode=true
src/main.js:181 [palette] PICK rgb(205,147,66)
src/main.js:189 [palette] setForeground failed: Error: Event: set may modify the state of Photoshop. Such events are only allowed from inside a modal scope. See https://www.adobe.com/go/ps_executeasmodal for details.
    at Object.batchPlaySync (uxp://uxp-internal/ps-app.js:1)
    at batchPlaySync (uxp://uxp-internal/ps-app.js:1)
    at Photoshop.set foregroundColor [as foregroundColor] (uxp://uxp-internal/ps-app.js:1)
    at doPickColor (VM116 main.js:187)
    at e.exports.onPointerDown (VM116 main.js:154)
    at uxp://uxp-internal/domjs_scripts.js:2
    at D (uxp://uxp-internal/domjs_scripts.js:2)
    at uxp://uxp-internal/domjs_scripts.js:2
    at L (uxp://uxp-internal/domjs_scripts.js:2)
    at P (uxp://uxp-internal/domjs_scripts.js:2)
doPickColor @ src/main.js:189
onPointerDown @ src/main.js:154
(anonymous) @ uxp://uxp-internal/domjs_scripts.js:2
D @ uxp://uxp-internal/domjs_scripts.js:2
(anonymous) @ uxp://uxp-internal/domjs_scripts.js:2
L @ uxp://uxp-internal/domjs_scripts.js:2
P @ uxp://uxp-internal/domjs_scripts.js:2
e @ uxp://uxp-internal/domjs_scripts.js:2
_retargetAndDispatchNativeEvent @ uxp://uxp-internal/domjs_scripts.js:2
onEvent @ uxp://uxp-internal/domjs_scripts.js:2
src/main.js:100 [palette] CLICK on canvas, clientX=87.2 clientY=232
src/main.js:147 [palette] POINTERDOWN altKey=false pickMode=true
src/main.js:181 [palette] PICK rgb(156,54,139)
src/main.js:189 [palette] setForeground failed: Error: Event: set may modify the state of Photoshop. Such events are only allowed from inside a modal scope. See https://www.adobe.com/go/ps_executeasmodal for details.
    at Object.batchPlaySync (uxp://uxp-internal/ps-app.js:1)
    at batchPlaySync (uxp://uxp-internal/ps-app.js:1)
    at Photoshop.set foregroundColor [as foregroundColor] (uxp://uxp-internal/ps-app.js:1)
    at doPickColor (VM116 main.js:187)
    at e.exports.onPointerDown (VM116 main.js:154)
    at uxp://uxp-internal/domjs_scripts.js:2
    at D (uxp://uxp-internal/domjs_scripts.js:2)
    at uxp://uxp-internal/domjs_scripts.js:2
    at L (uxp://uxp-internal/domjs_scripts.js:2)
    at P (uxp://uxp-internal/domjs_scripts.js:2)
doPickColor @ src/main.js:189
onPointerDown @ src/main.js:154
(anonymous) @ uxp://uxp-internal/domjs_scripts.js:2
D @ uxp://uxp-internal/domjs_scripts.js:2
(anonymous) @ uxp://uxp-internal/domjs_scripts.js:2
L @ uxp://uxp-internal/domjs_scripts.js:2
P @ uxp://uxp-internal/domjs_scripts.js:2
e @ uxp://uxp-internal/domjs_scripts.js:2
_retargetAndDispatchNativeEvent @ uxp://uxp-internal/domjs_scripts.js:2
onEvent @ uxp://uxp-internal/domjs_scripts.js:2
src/main.js:100 [palette] CLICK on canvas, clientX=124 clientY=254.4
src/main.js:147 [palette] POINTERDOWN altKey=false pickMode=true
src/main.js:181 [palette] PICK rgb(191,121,88)
src/main.js:189 [palette] setForeground failed: Error: Event: set may modify the state of Photoshop. Such events are only allowed from inside a modal scope. See https://www.adobe.com/go/ps_executeasmodal for details.
    at Object.batchPlaySync (uxp://uxp-internal/ps-app.js:1)
    at batchPlaySync (uxp://uxp-internal/ps-app.js:1)
    at Photoshop.set foregroundColor [as foregroundColor] (uxp://uxp-internal/ps-app.js:1)
    at doPickColor (VM116 main.js:187)
    at e.exports.onPointerDown (VM116 main.js:154)
    at uxp://uxp-internal/domjs_scripts.js:2
    at Object.runWithNativeHandler (<anonymous>)
    at D (uxp://uxp-internal/domjs_scripts.js:2)
    at uxp://uxp-internal/domjs_scripts.js:2
    at L (uxp://uxp-internal/domjs_scripts.js:2)
doPickColor @ src/main.js:189
onPointerDown @ src/main.js:154
(anonymous) @ uxp://uxp-internal/domjs_scripts.js:2
D @ uxp://uxp-internal/domjs_scripts.js:2
(anonymous) @ uxp://uxp-internal/domjs_scripts.js:2
L @ uxp://uxp-internal/domjs_scripts.js:2
P @ uxp://uxp-internal/domjs_scripts.js:2
e @ uxp://uxp-internal/domjs_scripts.js:2
_retargetAndDispatchNativeEvent @ uxp://uxp-internal/domjs_scripts.js:2
onEvent @ uxp://uxp-internal/domjs_scripts.js:2
src/main.js:181 [palette] PICK rgb(191,121,88)
src/main.js:189 [palette] setForeground failed: Error: Event: set may modify the state of Photoshop. Such events are only allowed from inside a modal scope. See https://www.adobe.com/go/ps_executeasmodal for details.
    at Object.batchPlaySync (uxp://uxp-internal/ps-app.js:1)
    at batchPlaySync (uxp://uxp-internal/ps-app.js:1)
    at Photoshop.set foregroundColor [as foregroundColor] (uxp://uxp-internal/ps-app.js:1)
    at doPickColor (VM116 main.js:187)
    at e.exports.onPointerMove (VM116 main.js:173)
    at uxp://uxp-internal/domjs_scripts.js:2
    at Object.runWithNativeHandler (<anonymous>)
    at D (uxp://uxp-internal/domjs_scripts.js:2)
    at uxp://uxp-internal/domjs_scripts.js:2
    at L (uxp://uxp-internal/domjs_scripts.js:2)
doPickColor @ src/main.js:189
onPointerMove @ src/main.js:173
(anonymous) @ uxp://uxp-internal/domjs_scripts.js:2
D @ uxp://uxp-internal/domjs_scripts.js:2
(anonymous) @ uxp://uxp-internal/domjs_scripts.js:2
L @ uxp://uxp-internal/domjs_scripts.js:2
P @ uxp://uxp-internal/domjs_scripts.js:2
e @ uxp://uxp-internal/domjs_scripts.js:2
_retargetAndDispatchNativeEvent @ uxp://uxp-internal/domjs_scripts.js:2
onEvent @ uxp://uxp-internal/domjs_scripts.js:2
src/main.js:100 [palette] CLICK on canvas, clientX=160 clientY=227.20000000000002
src/main.js:147 [palette] POINTERDOWN altKey=false pickMode=true
src/main.js:181 [palette] PICK rgb(206,151,73)
src/main.js:189 [palette] setForeground failed: Error: Event: set may modify the state of Photoshop. Such events are only allowed from inside a modal scope. See https://www.adobe.com/go/ps_executeasmodal for details.
    at Object.batchPlaySync (uxp://uxp-internal/ps-app.js:1)
    at batchPlaySync (uxp://uxp-internal/ps-app.js:1)
    at Photoshop.set foregroundColor [as foregroundColor] (uxp://uxp-internal/ps-app.js:1)
    at doPickColor (VM116 main.js:187)
    at e.exports.onPointerDown (VM116 main.js:154)
    at uxp://uxp-internal/domjs_scripts.js:2
    at Object.runWithNativeHandler (<anonymous>)
    at D (uxp://uxp-internal/domjs_scripts.js:2)
    at uxp://uxp-internal/domjs_scripts.js:2
    at L (uxp://uxp-internal/domjs_scripts.js:2)
doPickColor @ src/main.js:189
onPointerDown @ src/main.js:154
(anonymous) @ uxp://uxp-internal/domjs_scripts.js:2
D @ uxp://uxp-internal/domjs_scripts.js:2
(anonymous) @ uxp://uxp-internal/domjs_scripts.js:2
L @ uxp://uxp-internal/domjs_scripts.js:2
P @ uxp://uxp-internal/domjs_scripts.js:2
e @ uxp://uxp-internal/domjs_scripts.js:2
_retargetAndDispatchNativeEvent @ uxp://uxp-internal/domjs_scripts.js:2
onEvent @ uxp://uxp-internal/domjs_scripts.js:2
src/main.js:181 [palette] PICK rgb(206,151,73)
src/main.js:189 [palette] setForeground failed: Error: Event: set may modify the state of Photoshop. Such events are only allowed from inside a modal scope. See https://www.adobe.com/go/ps_executeasmodal for details.
    at Object.batchPlaySync (uxp://uxp-internal/ps-app.js:1)
    at batchPlaySync (uxp://uxp-internal/ps-app.js:1)
    at Photoshop.set foregroundColor [as foregroundColor] (uxp://uxp-internal/ps-app.js:1)
    at doPickColor (VM116 main.js:187)
    at e.exports.onPointerMove (VM116 main.js:173)
    at uxp://uxp-internal/domjs_scripts.js:2
    at Object.runWithNativeHandler (<anonymous>)
    at D (uxp://uxp-internal/domjs_scripts.js:2)
    at uxp://uxp-internal/domjs_scripts.js:2
    at L (uxp://uxp-internal/domjs_scripts.js:2)
doPickColor @ src/main.js:189
onPointerMove @ src/main.js:173
(anonymous) @ uxp://uxp-internal/domjs_scripts.js:2
D @ uxp://uxp-internal/domjs_scripts.js:2
(anonymous) @ uxp://uxp-internal/domjs_scripts.js:2
L @ uxp://uxp-internal/domjs_scripts.js:2
P @ uxp://uxp-internal/domjs_scripts.js:2
e @ uxp://uxp-internal/domjs_scripts.js:2
_retargetAndDispatchNativeEvent @ uxp://uxp-internal/domjs_scripts.js:2
onEvent @ uxp://uxp-internal/domjs_scripts.js:2
src/main.js:100 [palette] CLICK on canvas, clientX=133.6 clientY=215.20000000000002
src/main.js:147 [palette] POINTERDOWN altKey=false pickMode=true
src/main.js:181 [palette] PICK rgb(151,44,147)
src/main.js:189 [palette] setForeground failed: Error: Event: set may modify the state of Photoshop. Such events are only allowed from inside a modal scope. See https://www.adobe.com/go/ps_executeasmodal for details.
    at Object.batchPlaySync (uxp://uxp-internal/ps-app.js:1)
    at batchPlaySync (uxp://uxp-internal/ps-app.js:1)
    at Photoshop.set foregroundColor [as foregroundColor] (uxp://uxp-internal/ps-app.js:1)
    at doPickColor (VM116 main.js:187)
    at e.exports.onPointerDown (VM116 main.js:154)
    at uxp://uxp-internal/domjs_scripts.js:2
    at Object.runWithNativeHandler (<anonymous>)
    at D (uxp://uxp-internal/domjs_scripts.js:2)
    at uxp://uxp-internal/domjs_scripts.js:2
    at L (uxp://uxp-internal/domjs_scripts.js:2)
doPickColor @ src/main.js:189
onPointerDown @ src/main.js:154
(anonymous) @ uxp://uxp-internal/domjs_scripts.js:2
D @ uxp://uxp-internal/domjs_scripts.js:2
(anonymous) @ uxp://uxp-internal/domjs_scripts.js:2
L @ uxp://uxp-internal/domjs_scripts.js:2
P @ uxp://uxp-internal/domjs_scripts.js:2
e @ uxp://uxp-internal/domjs_scripts.js:2
_retargetAndDispatchNativeEvent @ uxp://uxp-internal/domjs_scripts.js:2
onEvent @ uxp://uxp-internal/domjs_scripts.js:2
src/main.js:100 [palette] CLICK on canvas, clientX=122.4 clientY=252.8
src/main.js:147 [palette] POINTERDOWN altKey=false pickMode=true
src/main.js:181 [palette] PICK rgb(164,72,142)
src/main.js:189 [palette] setForeground failed: Error: Event: set may modify the state of Photoshop. Such events are only allowed from inside a modal scope. See https://www.adobe.com/go/ps_executeasmodal for details.
    at Object.batchPlaySync (uxp://uxp-internal/ps-app.js:1)
    at batchPlaySync (uxp://uxp-internal/ps-app.js:1)
    at Photoshop.set foregroundColor [as foregroundColor] (uxp://uxp-internal/ps-app.js:1)
    at doPickColor (VM116 main.js:187)
    at e.exports.onPointerDown (VM116 main.js:154)
    at uxp://uxp-internal/domjs_scripts.js:2
    at Object.runWithNativeHandler (<anonymous>)
    at D (uxp://uxp-internal/domjs_scripts.js:2)
    at uxp://uxp-internal/domjs_scripts.js:2
    at L (uxp://uxp-internal/domjs_scripts.js:2)
doPickColor @ src/main.js:189
onPointerDown @ src/main.js:154
(anonymous) @ uxp://uxp-internal/domjs_scripts.js:2
D @ uxp://uxp-internal/domjs_scripts.js:2
(anonymous) @ uxp://uxp-internal/domjs_scripts.js:2
L @ uxp://uxp-internal/domjs_scripts.js:2
P @ uxp://uxp-internal/domjs_scripts.js:2
e @ uxp://uxp-internal/domjs_scripts.js:2
_retargetAndDispatchNativeEvent @ uxp://uxp-internal/domjs_scripts.js:2
onEvent @ uxp://uxp-internal/domjs_scripts.js:2
src/main.js:181 [palette] PICK rgb(164,72,142)
src/main.js:189 [palette] setForeground failed: Error: Event: set may modify the state of Photoshop. Such events are only allowed from inside a modal scope. See https://www.adobe.com/go/ps_executeasmodal for details.
    at Object.batchPlaySync (uxp://uxp-internal/ps-app.js:1)
    at batchPlaySync (uxp://uxp-internal/ps-app.js:1)
    at Photoshop.set foregroundColor [as foregroundColor] (uxp://uxp-internal/ps-app.js:1)
    at doPickColor (VM116 main.js:187)
    at e.exports.onPointerMove (VM116 main.js:173)
    at uxp://uxp-internal/domjs_scripts.js:2
    at Object.runWithNativeHandler (<anonymous>)
    at D (uxp://uxp-internal/domjs_scripts.js:2)
    at uxp://uxp-internal/domjs_scripts.js:2
    at L (uxp://uxp-internal/domjs_scripts.js:2)
doPickColor @ src/main.js:189
onPointerMove @ src/main.js:173
(anonymous) @ uxp://uxp-internal/domjs_scripts.js:2
D @ uxp://uxp-internal/domjs_scripts.js:2
(anonymous) @ uxp://uxp-internal/domjs_scripts.js:2
L @ uxp://uxp-internal/domjs_scripts.js:2
P @ uxp://uxp-internal/domjs_scripts.js:2
e @ uxp://uxp-internal/domjs_scripts.js:2
_retargetAndDispatchNativeEvent @ uxp://uxp-internal/domjs_scripts.js:2
onEvent @ uxp://uxp-internal/domjs_scripts.js:2
src/main.js:100 [palette] CLICK on canvas, clientX=150.4 clientY=253.60000000000002
src/main.js:147 [palette] POINTERDOWN altKey=false pickMode=true
src/main.js:181 [palette] PICK rgb(204,146,64)
src/main.js:189 [palette] setForeground failed: Error: Event: set may modify the state of Photoshop. Such events are only allowed from inside a modal scope. See https://www.adobe.com/go/ps_executeasmodal for details.
    at Object.batchPlaySync (uxp://uxp-internal/ps-app.js:1)
    at batchPlaySync (uxp://uxp-internal/ps-app.js:1)
    at Photoshop.set foregroundColor [as foregroundColor] (uxp://uxp-internal/ps-app.js:1)
    at doPickColor (VM116 main.js:187)
    at e.exports.onPointerDown (VM116 main.js:154)
    at uxp://uxp-internal/domjs_scripts.js:2
    at Object.runWithNativeHandler (<anonymous>)
    at D (uxp://uxp-internal/domjs_scripts.js:2)
    at uxp://uxp-internal/domjs_scripts.js:2
    at L (uxp://uxp-internal/domjs_scripts.js:2)
doPickColor @ src/main.js:189
onPointerDown @ src/main.js:154
(anonymous) @ uxp://uxp-internal/domjs_scripts.js:2
D @ uxp://uxp-internal/domjs_scripts.js:2
(anonymous) @ uxp://uxp-internal/domjs_scripts.js:2
L @ uxp://uxp-internal/domjs_scripts.js:2
P @ uxp://uxp-internal/domjs_scripts.js:2
e @ uxp://uxp-internal/domjs_scripts.js:2
_retargetAndDispatchNativeEvent @ uxp://uxp-internal/domjs_scripts.js:2
onEvent @ uxp://uxp-internal/domjs_scripts.js:2
src/main.js:100 [palette] CLICK on canvas, clientX=87.2 clientY=236.8
src/main.js:147 [palette] POINTERDOWN altKey=false pickMode=true
src/main.js:181 [palette] PICK rgb(144,30,160)
src/main.js:189 [palette] setForeground failed: Error: Event: set may modify the state of Photoshop. Such events are only allowed from inside a modal scope. See https://www.adobe.com/go/ps_executeasmodal for details.
    at Object.batchPlaySync (uxp://uxp-internal/ps-app.js:1)
    at batchPlaySync (uxp://uxp-internal/ps-app.js:1)
    at Photoshop.set foregroundColor [as foregroundColor] (uxp://uxp-internal/ps-app.js:1)
    at doPickColor (VM116 main.js:187)
    at e.exports.onPointerDown (VM116 main.js:154)
    at uxp://uxp-internal/domjs_scripts.js:2
    at Object.runWithNativeHandler (<anonymous>)
    at D (uxp://uxp-internal/domjs_scripts.js:2)
    at uxp://uxp-internal/domjs_scripts.js:2
    at L (uxp://uxp-internal/domjs_scripts.js:2)
doPickColor @ src/main.js:189
onPointerDown @ src/main.js:154
(anonymous) @ uxp://uxp-internal/domjs_scripts.js:2
D @ uxp://uxp-internal/domjs_scripts.js:2
(anonymous) @ uxp://uxp-internal/domjs_scripts.js:2
L @ uxp://uxp-internal/domjs_scripts.js:2
P @ uxp://uxp-internal/domjs_scripts.js:2
e @ uxp://uxp-internal/domjs_scripts.js:2
_retargetAndDispatchNativeEvent @ uxp://uxp-internal/domjs_scripts.js:2
onEvent @ uxp://uxp-internal/domjs_scripts.js:2
src/main.js:100 [palette] CLICK on canvas, clientX=119.2 clientY=240.8
src/main.js:147 [palette] POINTERDOWN altKey=false pickMode=true
src/main.js:181 [palette] PICK rgb(180,102,110)
src/main.js:189 [palette] setForeground failed: Error: Event: set may modify the state of Photoshop. Such events are only allowed from inside a modal scope. See https://www.adobe.com/go/ps_executeasmodal for details.
    at Object.batchPlaySync (uxp://uxp-internal/ps-app.js:1)
    at batchPlaySync (uxp://uxp-internal/ps-app.js:1)
    at Photoshop.set foregroundColor [as foregroundColor] (uxp://uxp-internal/ps-app.js:1)
    at doPickColor (VM116 main.js:187)
    at e.exports.onPointerDown (VM116 main.js:154)
    at uxp://uxp-internal/domjs_scripts.js:2
    at Object.runWithNativeHandler (<anonymous>)
    at D (uxp://uxp-internal/domjs_scripts.js:2)
    at uxp://uxp-internal/domjs_scripts.js:2
    at L (uxp://uxp-internal/domjs_scripts.js:2)
doPickColor @ src/main.js:189
onPointerDown @ src/main.js:154
(anonymous) @ uxp://uxp-internal/domjs_scripts.js:2
D @ uxp://uxp-internal/domjs_scripts.js:2
(anonymous) @ uxp://uxp-internal/domjs_scripts.js:2
L @ uxp://uxp-internal/domjs_scripts.js:2
P @ uxp://uxp-internal/domjs_scripts.js:2
e @ uxp://uxp-internal/domjs_scripts.js:2
_retargetAndDispatchNativeEvent @ uxp://uxp-internal/domjs_scripts.js:2
onEvent @ uxp://uxp-internal/domjs_scripts.js:2
src/main.js:100 [palette] CLICK on canvas, clientX=149.6 clientY=260
src/main.js:147 [palette] POINTERDOWN altKey=false pickMode=true
src/main.js:181 [palette] PICK rgb(162,66,129)
src/main.js:189 [palette] setForeground failed: Error: Event: set may modify the state of Photoshop. Such events are only allowed from inside a modal scope. See https://www.adobe.com/go/ps_executeasmodal for details.
    at Object.batchPlaySync (uxp://uxp-internal/ps-app.js:1)
    at batchPlaySync (uxp://uxp-internal/ps-app.js:1)
    at Photoshop.set foregroundColor [as foregroundColor] (uxp://uxp-internal/ps-app.js:1)
    at doPickColor (VM116 main.js:187)
    at e.exports.onPointerDown (VM116 main.js:154)
    at uxp://uxp-internal/domjs_scripts.js:2
    at Object.runWithNativeHandler (<anonymous>)
    at D (uxp://uxp-internal/domjs_scripts.js:2)
    at uxp://uxp-internal/domjs_scripts.js:2
    at L (uxp://uxp-internal/domjs_scripts.js:2)
doPickColor @ src/main.js:189
onPointerDown @ src/main.js:154
(anonymous) @ uxp://uxp-internal/domjs_scripts.js:2
D @ uxp://uxp-internal/domjs_scripts.js:2
(anonymous) @ uxp://uxp-internal/domjs_scripts.js:2
L @ uxp://uxp-internal/domjs_scripts.js:2
P @ uxp://uxp-internal/domjs_scripts.js:2
e @ uxp://uxp-internal/domjs_scripts.js:2
_retargetAndDispatchNativeEvent @ uxp://uxp-internal/domjs_scripts.js:2
onEvent @ uxp://uxp-internal/domjs_scripts.js:2
src/main.js:181 [palette] PICK rgb(162,66,129)
src/main.js:189 [palette] setForeground failed: Error: Event: set may modify the state of Photoshop. Such events are only allowed from inside a modal scope. See https://www.adobe.com/go/ps_executeasmodal for details.
    at Object.batchPlaySync (uxp://uxp-internal/ps-app.js:1)
    at batchPlaySync (uxp://uxp-internal/ps-app.js:1)
    at Photoshop.set foregroundColor [as foregroundColor] (uxp://uxp-internal/ps-app.js:1)
    at doPickColor (VM116 main.js:187)
    at e.exports.onPointerMove (VM116 main.js:173)
    at uxp://uxp-internal/domjs_scripts.js:2
    at Object.runWithNativeHandler (<anonymous>)
    at D (uxp://uxp-internal/domjs_scripts.js:2)
    at uxp://uxp-internal/domjs_scripts.js:2
    at L (uxp://uxp-internal/domjs_scripts.js:2)
doPickColor @ src/main.js:189
onPointerMove @ src/main.js:173
(anonymous) @ uxp://uxp-internal/domjs_scripts.js:2
D @ uxp://uxp-internal/domjs_scripts.js:2
(anonymous) @ uxp://uxp-internal/domjs_scripts.js:2
L @ uxp://uxp-internal/domjs_scripts.js:2
P @ uxp://uxp-internal/domjs_scripts.js:2
e @ uxp://uxp-internal/domjs_scripts.js:2
_retargetAndDispatchNativeEvent @ uxp://uxp-internal/domjs_scripts.js:2
onEvent @ uxp://uxp-internal/domjs_scripts.js:2
src/main.js:181 [palette] PICK rgb(170,80,117)
src/main.js:189 [palette] setForeground failed: Error: Event: set may modify the state of Photoshop. Such events are only allowed from inside a modal scope. See https://www.adobe.com/go/ps_executeasmodal for details.
    at Object.batchPlaySync (uxp://uxp-internal/ps-app.js:1)
    at batchPlaySync (uxp://uxp-internal/ps-app.js:1)
    at Photoshop.set foregroundColor [as foregroundColor] (uxp://uxp-internal/ps-app.js:1)
    at doPickColor (VM116 main.js:187)
    at e.exports.onPointerMove (VM116 main.js:173)
    at uxp://uxp-internal/domjs_scripts.js:2
    at Object.runWithNativeHandler (<anonymous>)
    at D (uxp://uxp-internal/domjs_scripts.js:2)
    at uxp://uxp-internal/domjs_scripts.js:2
    at L (uxp://uxp-internal/domjs_scripts.js:2)
doPickColor @ src/main.js:189
onPointerMove @ src/main.js:173
(anonymous) @ uxp://uxp-internal/domjs_scripts.js:2
D @ uxp://uxp-internal/domjs_scripts.js:2
(anonymous) @ uxp://uxp-internal/domjs_scripts.js:2
L @ uxp://uxp-internal/domjs_scripts.js:2
P @ uxp://uxp-internal/domjs_scripts.js:2
e @ uxp://uxp-internal/domjs_scripts.js:2
_retargetAndDispatchNativeEvent @ uxp://uxp-internal/domjs_scripts.js:2
onEvent @ uxp://uxp-internal/domjs_scripts.js:2
src/main.js:181 [palette] PICK rgb(162,66,129)
src/main.js:189 [palette] setForeground failed: Error: Event: set may modify the state of Photoshop. Such events are only allowed from inside a modal scope. See https://www.adobe.com/go/ps_executeasmodal for details.
    at Object.batchPlaySync (uxp://uxp-internal/ps-app.js:1)
    at batchPlaySync (uxp://uxp-internal/ps-app.js:1)
    at Photoshop.set foregroundColor [as foregroundColor] (uxp://uxp-internal/ps-app.js:1)
    at doPickColor (VM116 main.js:187)
    at e.exports.onPointerMove (VM116 main.js:173)
    at uxp://uxp-internal/domjs_scripts.js:2
    at Object.runWithNativeHandler (<anonymous>)
    at D (uxp://uxp-internal/domjs_scripts.js:2)
    at uxp://uxp-internal/domjs_scripts.js:2
    at L (uxp://uxp-internal/domjs_scripts.js:2)
doPickColor @ src/main.js:189
onPointerMove @ src/main.js:173
(anonymous) @ uxp://uxp-internal/domjs_scripts.js:2
D @ uxp://uxp-internal/domjs_scripts.js:2
(anonymous) @ uxp://uxp-internal/domjs_scripts.js:2
L @ uxp://uxp-internal/domjs_scripts.js:2
P @ uxp://uxp-internal/domjs_scripts.js:2
e @ uxp://uxp-internal/domjs_scripts.js:2
_retargetAndDispatchNativeEvent @ uxp://uxp-internal/domjs_scripts.js:2
onEvent @ uxp://uxp-internal/domjs_scripts.js:2
src/main.js:181 [palette] PICK rgb(162,66,129)
src/main.js:189 [palette] setForeground failed: Error: Event: set may modify the state of Photoshop. Such events are only allowed from inside a modal scope. See https://www.adobe.com/go/ps_executeasmodal for details.
    at Object.batchPlaySync (uxp://uxp-internal/ps-app.js:1)
    at batchPlaySync (uxp://uxp-internal/ps-app.js:1)
    at Photoshop.set foregroundColor [as foregroundColor] (uxp://uxp-internal/ps-app.js:1)
    at doPickColor (VM116 main.js:187)
    at e.exports.onPointerMove (VM116 main.js:173)
    at uxp://uxp-internal/domjs_scripts.js:2
    at Object.runWithNativeHandler (<anonymous>)
    at D (uxp://uxp-internal/domjs_scripts.js:2)
    at uxp://uxp-internal/domjs_scripts.js:2
    at L (uxp://uxp-internal/domjs_scripts.js:2)
doPickColor @ src/main.js:189
onPointerMove @ src/main.js:173
(anonymous) @ uxp://uxp-internal/domjs_scripts.js:2
D @ uxp://uxp-internal/domjs_scripts.js:2
(anonymous) @ uxp://uxp-internal/domjs_scripts.js:2
L @ uxp://uxp-internal/domjs_scripts.js:2
P @ uxp://uxp-internal/domjs_scripts.js:2
e @ uxp://uxp-internal/domjs_scripts.js:2
_retargetAndDispatchNativeEvent @ uxp://uxp-internal/domjs_scripts.js:2
onEvent @ uxp://uxp-internal/domjs_scripts.js:2
src/main.js:181 [palette] PICK rgb(162,66,129)
src/main.js:189 [palette] setForeground failed: Error: Event: set may modify the state of Photoshop. Such events are only allowed from inside a modal scope. See https://www.adobe.com/go/ps_executeasmodal for details.
    at Object.batchPlaySync (uxp://uxp-internal/ps-app.js:1)
    at batchPlaySync (uxp://uxp-internal/ps-app.js:1)
    at Photoshop.set foregroundColor [as foregroundColor] (uxp://uxp-internal/ps-app.js:1)
    at doPickColor (VM116 main.js:187)
    at e.exports.onPointerMove (VM116 main.js:173)
    at uxp://uxp-internal/domjs_scripts.js:2
    at Object.runWithNativeHandler (<anonymous>)
    at D (uxp://uxp-internal/domjs_scripts.js:2)
    at uxp://uxp-internal/domjs_scripts.js:2
    at L (uxp://uxp-internal/domjs_scripts.js:2)
doPickColor @ src/main.js:189
onPointerMove @ src/main.js:173
(anonymous) @ uxp://uxp-internal/domjs_scripts.js:2
D @ uxp://uxp-internal/domjs_scripts.js:2
(anonymous) @ uxp://uxp-internal/domjs_scripts.js:2
L @ uxp://uxp-internal/domjs_scripts.js:2
P @ uxp://uxp-internal/domjs_scripts.js:2
e @ uxp://uxp-internal/domjs_scripts.js:2
_retargetAndDispatchNativeEvent @ uxp://uxp-internal/domjs_scripts.js:2
onEvent @ uxp://uxp-internal/domjs_scripts.js:2
src/main.js:100 [palette] CLICK on canvas, clientX=97.60000000000001 clientY=244.8
src/main.js:147 [palette] POINTERDOWN altKey=false pickMode=true
src/main.js:181 [palette] PICK rgb(205,147,66)
src/main.js:189 [palette] setForeground failed: Error: Event: set may modify the state of Photoshop. Such events are only allowed from inside a modal scope. See https://www.adobe.com/go/ps_executeasmodal for details.
    at Object.batchPlaySync (uxp://uxp-internal/ps-app.js:1)
    at batchPlaySync (uxp://uxp-internal/ps-app.js:1)
    at Photoshop.set foregroundColor [as foregroundColor] (uxp://uxp-internal/ps-app.js:1)
    at doPickColor (VM116 main.js:187)
    at e.exports.onPointerDown (VM116 main.js:154)
    at uxp://uxp-internal/domjs_scripts.js:2
    at Object.runWithNativeHandler (<anonymous>)
    at D (uxp://uxp-internal/domjs_scripts.js:2)
    at uxp://uxp-internal/domjs_scripts.js:2
    at L (uxp://uxp-internal/domjs_scripts.js:2)
doPickColor @ src/main.js:189
onPointerDown @ src/main.js:154
(anonymous) @ uxp://uxp-internal/domjs_scripts.js:2
D @ uxp://uxp-internal/domjs_scripts.js:2
(anonymous) @ uxp://uxp-internal/domjs_scripts.js:2
L @ uxp://uxp-internal/domjs_scripts.js:2
P @ uxp://uxp-internal/domjs_scripts.js:2
e @ uxp://uxp-internal/domjs_scripts.js:2
_retargetAndDispatchNativeEvent @ uxp://uxp-internal/domjs_scripts.js:2
onEvent @ uxp://uxp-internal/domjs_scripts.js:2
src/main.js:100 [palette] CLICK on canvas, clientX=134.4 clientY=275.2
